[12-Nov-2017 20:53:55 UTC] PHP Warning:  include(home/ubuntu/workspace/functions/adm.layout.php): failed to open stream: No such file or directory in /home/ubuntu/workspace/public/index.php on line 4
[12-Nov-2017 20:53:55 UTC] PHP Stack trace:
[12-Nov-2017 20:53:55 UTC] PHP   1. {main}() /home/ubuntu/workspace/public/index.php:0
[12-Nov-2017 20:53:55 UTC] PHP Warning:  include(): Failed opening 'home/ubuntu/workspace/functions/adm.layout.php' for inclusion (include_path='.:/usr/share/php:/usr/share/pear') in /home/ubuntu/workspace/public/index.php on line 4
[12-Nov-2017 20:53:55 UTC] PHP Stack trace:
[12-Nov-2017 20:53:55 UTC] PHP   1. {main}() /home/ubuntu/workspace/public/index.php:0
[25-Nov-2017 07:05:58 UTC] PHP Warning:  require_once(./functions/adm.php): failed to open stream: No such file or directory in /home/ubuntu/workspace/public/index.php on line 1
[25-Nov-2017 07:05:58 UTC] PHP Stack trace:
[25-Nov-2017 07:05:58 UTC] PHP   1. {main}() /home/ubuntu/workspace/public/index.php:0
[25-Nov-2017 07:05:58 UTC] PHP Fatal error:  require_once(): Failed opening required './functions/adm.php' (include_path='.:/usr/share/php:/usr/share/pear') in /home/ubuntu/workspace/public/index.php on line 1
[25-Nov-2017 07:05:58 UTC] PHP Stack trace:
[25-Nov-2017 07:05:58 UTC] PHP   1. {main}() /home/ubuntu/workspace/public/index.php:0
[25-Nov-2017 16:14:42 UTC] PHP Warning:  require_once(/home/ubuntu/workspace/includes/layout/header.php): failed to open stream: No such file or directory in /home/ubuntu/workspace/functions/adm.layout.php on line 6
[25-Nov-2017 16:14:42 UTC] PHP Stack trace:
[25-Nov-2017 16:14:42 UTC] PHP   1. {main}() /home/ubuntu/workspace/public/index.php:0
[25-Nov-2017 16:14:42 UTC] PHP   2. adm\layout\header() /home/ubuntu/workspace/public/index.php:2
[25-Nov-2017 16:14:42 UTC] PHP Fatal error:  require_once(): Failed opening required '/home/ubuntu/workspace/includes/layout/header.php' (include_path='.:/usr/share/php:/usr/share/pear') in /home/ubuntu/workspace/functions/adm.layout.php on line 6
[25-Nov-2017 16:14:42 UTC] PHP Stack trace:
[25-Nov-2017 16:14:42 UTC] PHP   1. {main}() /home/ubuntu/workspace/public/index.php:0
[25-Nov-2017 16:14:42 UTC] PHP   2. adm\layout\header() /home/ubuntu/workspace/public/index.php:2
[25-Nov-2017 16:15:33 UTC] PHP Warning:  require_once(/home/ubuntu/workspace/includes/layout/header.php): failed to open stream: No such file or directory in /home/ubuntu/workspace/functions/adm.layout.php on line 6
[25-Nov-2017 16:15:33 UTC] PHP Stack trace:
[25-Nov-2017 16:15:33 UTC] PHP   1. {main}() /home/ubuntu/workspace/public/index.php:0
[25-Nov-2017 16:15:33 UTC] PHP   2. adm\layout\header() /home/ubuntu/workspace/public/index.php:2
[25-Nov-2017 16:15:33 UTC] PHP Fatal error:  require_once(): Failed opening required '/home/ubuntu/workspace/includes/layout/header.php' (include_path='.:/usr/share/php:/usr/share/pear') in /home/ubuntu/workspace/functions/adm.layout.php on line 6
[25-Nov-2017 16:15:33 UTC] PHP Stack trace:
[25-Nov-2017 16:15:33 UTC] PHP   1. {main}() /home/ubuntu/workspace/public/index.php:0
[25-Nov-2017 16:15:33 UTC] PHP   2. adm\layout\header() /home/ubuntu/workspace/public/index.php:2
[17-Dec-2017 02:32:08 UTC] PHP Fatal error:  Call to undefined function adm\layout\header() in /home/ubuntu/workspace/public/index.php on line 2
[17-Dec-2017 02:32:08 UTC] PHP Stack trace:
[17-Dec-2017 02:32:08 UTC] PHP   1. {main}() /home/ubuntu/workspace/public/index.php:0
[17-Dec-2017 03:10:48 UTC] PHP Warning:  Invalid argument supplied for foreach() in /home/ubuntu/workspace/public/index.php on line 83
[17-Dec-2017 03:10:48 UTC] PHP Stack trace:
[17-Dec-2017 03:10:48 UTC] PHP   1. {main}() /home/ubuntu/workspace/public/index.php:0
