[09-Nov-2017 03:50:15 UTC] PHP Parse error:  syntax error, unexpected '/', expecting \\ (T_NS_SEPARATOR) or ';' or '{' in /home/ubuntu/workspace/functions/adf.layout.php on line 3
[09-Nov-2017 03:50:15 UTC] PHP Stack trace:
[09-Nov-2017 03:50:15 UTC] PHP   1. {main}() /home/ubuntu/workspace/public/admin/index.php:0
[09-Nov-2017 05:13:30 UTC] PHP Warning:  require_once(../../functions/adm.php): failed to open stream: No such file or directory in /home/ubuntu/workspace/public/admin/index.php on line 2
[09-Nov-2017 05:13:30 UTC] PHP Stack trace:
[09-Nov-2017 05:13:30 UTC] PHP   1. {main}() /home/ubuntu/workspace/public/admin/index.php:0
[09-Nov-2017 05:13:30 UTC] PHP Fatal error:  require_once(): Failed opening required '../../functions/adm.php' (include_path='.:/usr/share/php:/usr/share/pear') in /home/ubuntu/workspace/public/admin/index.php on line 2
[09-Nov-2017 05:13:30 UTC] PHP Stack trace:
[09-Nov-2017 05:13:30 UTC] PHP   1. {main}() /home/ubuntu/workspace/public/admin/index.php:0
[09-Nov-2017 05:15:38 UTC] PHP Warning:  require_once(/home/ubuntu/workspace/functions/adm.php): failed to open stream: No such file or directory in /home/ubuntu/workspace/public/admin/index.php on line 2
[09-Nov-2017 05:15:38 UTC] PHP Stack trace:
[09-Nov-2017 05:15:38 UTC] PHP   1. {main}() /home/ubuntu/workspace/public/admin/index.php:0
[09-Nov-2017 05:15:38 UTC] PHP Fatal error:  require_once(): Failed opening required '/home/ubuntu/workspace/functions/adm.php' (include_path='.:/usr/share/php:/usr/share/pear') in /home/ubuntu/workspace/public/admin/index.php on line 2
[09-Nov-2017 05:15:38 UTC] PHP Stack trace:
[09-Nov-2017 05:15:38 UTC] PHP   1. {main}() /home/ubuntu/workspace/public/admin/index.php:0
[09-Nov-2017 05:15:55 UTC] PHP Warning:  require_once(/home/ubuntu/workspace/functions/adm.php): failed to open stream: No such file or directory in /home/ubuntu/workspace/public/admin/index.php on line 2
[09-Nov-2017 05:15:55 UTC] PHP Stack trace:
[09-Nov-2017 05:15:55 UTC] PHP   1. {main}() /home/ubuntu/workspace/public/admin/index.php:0
[09-Nov-2017 05:15:55 UTC] PHP Fatal error:  require_once(): Failed opening required '/home/ubuntu/workspace/functions/adm.php' (include_path='.:/usr/share/php:/usr/share/pear') in /home/ubuntu/workspace/public/admin/index.php on line 2
[09-Nov-2017 05:15:55 UTC] PHP Stack trace:
[09-Nov-2017 05:15:55 UTC] PHP   1. {main}() /home/ubuntu/workspace/public/admin/index.php:0
[09-Nov-2017 05:15:57 UTC] PHP Warning:  require_once(/home/ubuntu/workspace/functions/adm.php): failed to open stream: No such file or directory in /home/ubuntu/workspace/public/admin/index.php on line 2
[09-Nov-2017 05:15:57 UTC] PHP Stack trace:
[09-Nov-2017 05:15:57 UTC] PHP   1. {main}() /home/ubuntu/workspace/public/admin/index.php:0
[09-Nov-2017 05:15:57 UTC] PHP Fatal error:  require_once(): Failed opening required '/home/ubuntu/workspace/functions/adm.php' (include_path='.:/usr/share/php:/usr/share/pear') in /home/ubuntu/workspace/public/admin/index.php on line 2
[09-Nov-2017 05:15:57 UTC] PHP Stack trace:
[09-Nov-2017 05:15:57 UTC] PHP   1. {main}() /home/ubuntu/workspace/public/admin/index.php:0
[09-Nov-2017 05:16:07 UTC] PHP Warning:  require_once(/home/ubuntu/functions/adm.php): failed to open stream: No such file or directory in /home/ubuntu/workspace/public/admin/index.php on line 2
[09-Nov-2017 05:16:07 UTC] PHP Stack trace:
[09-Nov-2017 05:16:07 UTC] PHP   1. {main}() /home/ubuntu/workspace/public/admin/index.php:0
[09-Nov-2017 05:16:07 UTC] PHP Fatal error:  require_once(): Failed opening required '/home/ubuntu/functions/adm.php' (include_path='.:/usr/share/php:/usr/share/pear') in /home/ubuntu/workspace/public/admin/index.php on line 2
[09-Nov-2017 05:16:07 UTC] PHP Stack trace:
[09-Nov-2017 05:16:07 UTC] PHP   1. {main}() /home/ubuntu/workspace/public/admin/index.php:0
[09-Nov-2017 05:16:21 UTC] PHP Warning:  require_once(/home/ubuntu/workspace/functions/adm.php): failed to open stream: No such file or directory in /home/ubuntu/workspace/public/admin/index.php on line 2
[09-Nov-2017 05:16:21 UTC] PHP Stack trace:
[09-Nov-2017 05:16:21 UTC] PHP   1. {main}() /home/ubuntu/workspace/public/admin/index.php:0
[09-Nov-2017 05:16:21 UTC] PHP Fatal error:  require_once(): Failed opening required '/home/ubuntu/workspace/functions/adm.php' (include_path='.:/usr/share/php:/usr/share/pear') in /home/ubuntu/workspace/public/admin/index.php on line 2
[09-Nov-2017 05:16:21 UTC] PHP Stack trace:
[09-Nov-2017 05:16:21 UTC] PHP   1. {main}() /home/ubuntu/workspace/public/admin/index.php:0
[09-Nov-2017 05:17:42 UTC] PHP Warning:  require_once(/home/ubuntu/workspace/public/functions/adm.layout.php): failed to open stream: No such file or directory in /home/ubuntu/workspace/functions/adm.php on line 5
[09-Nov-2017 05:17:42 UTC] PHP Stack trace:
[09-Nov-2017 05:17:42 UTC] PHP   1. {main}() /home/ubuntu/workspace/public/admin/index.php:0
[09-Nov-2017 05:17:42 UTC] PHP   2. require_once() /home/ubuntu/workspace/public/admin/index.php:2
[09-Nov-2017 05:17:42 UTC] PHP Fatal error:  require_once(): Failed opening required '/home/ubuntu/workspace/public/functions/adm.layout.php' (include_path='.:/usr/share/php:/usr/share/pear') in /home/ubuntu/workspace/functions/adm.php on line 5
[09-Nov-2017 05:17:42 UTC] PHP Stack trace:
[09-Nov-2017 05:17:42 UTC] PHP   1. {main}() /home/ubuntu/workspace/public/admin/index.php:0
[09-Nov-2017 05:17:42 UTC] PHP   2. require_once() /home/ubuntu/workspace/public/admin/index.php:2
[09-Nov-2017 05:18:27 UTC] PHP Warning:  require_once(/home/ubuntu/functions/adm.php): failed to open stream: No such file or directory in /home/ubuntu/workspace/public/admin/index.php on line 2
[09-Nov-2017 05:18:27 UTC] PHP Stack trace:
[09-Nov-2017 05:18:27 UTC] PHP   1. {main}() /home/ubuntu/workspace/public/admin/index.php:0
[09-Nov-2017 05:18:27 UTC] PHP Fatal error:  require_once(): Failed opening required '/home/ubuntu/functions/adm.php' (include_path='.:/usr/share/php:/usr/share/pear') in /home/ubuntu/workspace/public/admin/index.php on line 2
[09-Nov-2017 05:18:27 UTC] PHP Stack trace:
[09-Nov-2017 05:18:27 UTC] PHP   1. {main}() /home/ubuntu/workspace/public/admin/index.php:0
[09-Nov-2017 05:18:39 UTC] PHP Warning:  require_once(/home/ubuntu/workspace/public/functions/adm.layout.php): failed to open stream: No such file or directory in /home/ubuntu/workspace/functions/adm.php on line 5
[09-Nov-2017 05:18:39 UTC] PHP Stack trace:
[09-Nov-2017 05:18:39 UTC] PHP   1. {main}() /home/ubuntu/workspace/public/admin/index.php:0
[09-Nov-2017 05:18:39 UTC] PHP   2. require_once() /home/ubuntu/workspace/public/admin/index.php:2
[09-Nov-2017 05:18:39 UTC] PHP Fatal error:  require_once(): Failed opening required '/home/ubuntu/workspace/public/functions/adm.layout.php' (include_path='.:/usr/share/php:/usr/share/pear') in /home/ubuntu/workspace/functions/adm.php on line 5
[09-Nov-2017 05:18:39 UTC] PHP Stack trace:
[09-Nov-2017 05:18:39 UTC] PHP   1. {main}() /home/ubuntu/workspace/public/admin/index.php:0
[09-Nov-2017 05:18:39 UTC] PHP   2. require_once() /home/ubuntu/workspace/public/admin/index.php:2
[09-Nov-2017 05:20:38 UTC] PHP Fatal error:  Function name must be a string in /home/ubuntu/workspace/functions/adm.php on line 3
[09-Nov-2017 05:20:38 UTC] PHP Stack trace:
[09-Nov-2017 05:20:38 UTC] PHP   1. {main}() /home/ubuntu/workspace/public/admin/index.php:0
[09-Nov-2017 05:20:38 UTC] PHP   2. require_once() /home/ubuntu/workspace/public/admin/index.php:2
[09-Nov-2017 05:23:16 UTC] PHP Warning:  require_once(home/ubuntu/workspace/functions/adm.layout.php): failed to open stream: No such file or directory in /home/ubuntu/workspace/functions/adm.php on line 5
[09-Nov-2017 05:23:16 UTC] PHP Stack trace:
[09-Nov-2017 05:23:16 UTC] PHP   1. {main}() /home/ubuntu/workspace/public/admin/index.php:0
[09-Nov-2017 05:23:16 UTC] PHP   2. require_once() /home/ubuntu/workspace/public/admin/index.php:2
[09-Nov-2017 05:23:16 UTC] PHP Fatal error:  require_once(): Failed opening required 'home/ubuntu/workspace/functions/adm.layout.php' (include_path='.:/usr/share/php:/usr/share/pear') in /home/ubuntu/workspace/functions/adm.php on line 5
[09-Nov-2017 05:23:16 UTC] PHP Stack trace:
[09-Nov-2017 05:23:16 UTC] PHP   1. {main}() /home/ubuntu/workspace/public/admin/index.php:0
[09-Nov-2017 05:23:16 UTC] PHP   2. require_once() /home/ubuntu/workspace/public/admin/index.php:2
[09-Nov-2017 16:06:20 UTC] PHP Warning:  require_once(home/ubuntu/workspace/functions/adm.layout.php): failed to open stream: No such file or directory in /home/ubuntu/workspace/functions/adm.php on line 5
[09-Nov-2017 16:06:20 UTC] PHP Stack trace:
[09-Nov-2017 16:06:20 UTC] PHP   1. {main}() /home/ubuntu/workspace/public/admin/index.php:0
[09-Nov-2017 16:06:20 UTC] PHP   2. require_once() /home/ubuntu/workspace/public/admin/index.php:2
[09-Nov-2017 16:06:20 UTC] PHP Fatal error:  require_once(): Failed opening required 'home/ubuntu/workspace/functions/adm.layout.php' (include_path='.:/usr/share/php:/usr/share/pear') in /home/ubuntu/workspace/functions/adm.php on line 5
[09-Nov-2017 16:06:20 UTC] PHP Stack trace:
[09-Nov-2017 16:06:20 UTC] PHP   1. {main}() /home/ubuntu/workspace/public/admin/index.php:0
[09-Nov-2017 16:06:20 UTC] PHP   2. require_once() /home/ubuntu/workspace/public/admin/index.php:2
[09-Nov-2017 16:07:04 UTC] PHP Warning:  require_once(home/ubuntu/workspace/functions/adm.layout.php): failed to open stream: No such file or directory in /home/ubuntu/workspace/functions/adm.php on line 5
[09-Nov-2017 16:07:04 UTC] PHP Stack trace:
[09-Nov-2017 16:07:04 UTC] PHP   1. {main}() /home/ubuntu/workspace/public/admin/index.php:0
[09-Nov-2017 16:07:04 UTC] PHP   2. require_once() /home/ubuntu/workspace/public/admin/index.php:2
[09-Nov-2017 16:07:04 UTC] PHP Fatal error:  require_once(): Failed opening required 'home/ubuntu/workspace/functions/adm.layout.php' (include_path='.:/usr/share/php:/usr/share/pear') in /home/ubuntu/workspace/functions/adm.php on line 5
[09-Nov-2017 16:07:04 UTC] PHP Stack trace:
[09-Nov-2017 16:07:04 UTC] PHP   1. {main}() /home/ubuntu/workspace/public/admin/index.php:0
[09-Nov-2017 16:07:04 UTC] PHP   2. require_once() /home/ubuntu/workspace/public/admin/index.php:2
[09-Nov-2017 16:08:40 UTC] PHP Warning:  require_once(home/ubuntu/workspace/functions/adm.layout.php): failed to open stream: No such file or directory in /home/ubuntu/workspace/functions/adm.php on line 7
[09-Nov-2017 16:08:40 UTC] PHP Stack trace:
[09-Nov-2017 16:08:40 UTC] PHP   1. {main}() /home/ubuntu/workspace/public/admin/index.php:0
[09-Nov-2017 16:08:40 UTC] PHP   2. require_once() /home/ubuntu/workspace/public/admin/index.php:2
[09-Nov-2017 16:08:40 UTC] PHP Fatal error:  require_once(): Failed opening required 'home/ubuntu/workspace/functions/adm.layout.php' (include_path='.:/usr/share/php:/usr/share/pear') in /home/ubuntu/workspace/functions/adm.php on line 7
[09-Nov-2017 16:08:40 UTC] PHP Stack trace:
[09-Nov-2017 16:08:40 UTC] PHP   1. {main}() /home/ubuntu/workspace/public/admin/index.php:0
[09-Nov-2017 16:08:40 UTC] PHP   2. require_once() /home/ubuntu/workspace/public/admin/index.php:2
[09-Nov-2017 16:11:31 UTC] PHP Warning:  require_once(home/ubuntu/workspace/functions/adm.layout.php): failed to open stream: No such file or directory in /home/ubuntu/workspace/functions/adm.php on line 7
[09-Nov-2017 16:11:31 UTC] PHP Stack trace:
[09-Nov-2017 16:11:31 UTC] PHP   1. {main}() /home/ubuntu/workspace/public/admin/index.php:0
[09-Nov-2017 16:11:31 UTC] PHP   2. require_once() /home/ubuntu/workspace/public/admin/index.php:2
[09-Nov-2017 16:11:31 UTC] PHP Fatal error:  require_once(): Failed opening required 'home/ubuntu/workspace/functions/adm.layout.php' (include_path='.:/usr/share/php:/usr/share/pear') in /home/ubuntu/workspace/functions/adm.php on line 7
[09-Nov-2017 16:11:31 UTC] PHP Stack trace:
[09-Nov-2017 16:11:31 UTC] PHP   1. {main}() /home/ubuntu/workspace/public/admin/index.php:0
[09-Nov-2017 16:11:31 UTC] PHP   2. require_once() /home/ubuntu/workspace/public/admin/index.php:2
[09-Nov-2017 16:11:33 UTC] PHP Warning:  require_once(home/ubuntu/workspace/functions/adm.layout.php): failed to open stream: No such file or directory in /home/ubuntu/workspace/functions/adm.php on line 7
[09-Nov-2017 16:11:33 UTC] PHP Stack trace:
[09-Nov-2017 16:11:33 UTC] PHP   1. {main}() /home/ubuntu/workspace/public/admin/index.php:0
[09-Nov-2017 16:11:33 UTC] PHP   2. require_once() /home/ubuntu/workspace/public/admin/index.php:2
[09-Nov-2017 16:11:33 UTC] PHP Fatal error:  require_once(): Failed opening required 'home/ubuntu/workspace/functions/adm.layout.php' (include_path='.:/usr/share/php:/usr/share/pear') in /home/ubuntu/workspace/functions/adm.php on line 7
[09-Nov-2017 16:11:33 UTC] PHP Stack trace:
[09-Nov-2017 16:11:33 UTC] PHP   1. {main}() /home/ubuntu/workspace/public/admin/index.php:0
[09-Nov-2017 16:11:33 UTC] PHP   2. require_once() /home/ubuntu/workspace/public/admin/index.php:2
[09-Nov-2017 16:12:05 UTC] PHP Warning:  require_once(/home/ubuntu/workspace/functions/adf.php): failed to open stream: No such file or directory in /home/ubuntu/workspace/public/admin/index.php on line 2
[09-Nov-2017 16:12:05 UTC] PHP Stack trace:
[09-Nov-2017 16:12:05 UTC] PHP   1. {main}() /home/ubuntu/workspace/public/admin/index.php:0
[09-Nov-2017 16:12:05 UTC] PHP Fatal error:  require_once(): Failed opening required '/home/ubuntu/workspace/functions/adf.php' (include_path='.:/usr/share/php:/usr/share/pear') in /home/ubuntu/workspace/public/admin/index.php on line 2
[09-Nov-2017 16:12:05 UTC] PHP Stack trace:
[09-Nov-2017 16:12:05 UTC] PHP   1. {main}() /home/ubuntu/workspace/public/admin/index.php:0
[09-Nov-2017 16:12:31 UTC] PHP Warning:  require_once(home/ubuntu/workspace/functions/adm.layout.php): failed to open stream: No such file or directory in /home/ubuntu/workspace/functions/adm.php on line 7
[09-Nov-2017 16:12:31 UTC] PHP Stack trace:
[09-Nov-2017 16:12:31 UTC] PHP   1. {main}() /home/ubuntu/workspace/public/admin/index.php:0
[09-Nov-2017 16:12:31 UTC] PHP   2. require_once() /home/ubuntu/workspace/public/admin/index.php:2
[09-Nov-2017 16:12:31 UTC] PHP Fatal error:  require_once(): Failed opening required 'home/ubuntu/workspace/functions/adm.layout.php' (include_path='.:/usr/share/php:/usr/share/pear') in /home/ubuntu/workspace/functions/adm.php on line 7
[09-Nov-2017 16:12:31 UTC] PHP Stack trace:
[09-Nov-2017 16:12:31 UTC] PHP   1. {main}() /home/ubuntu/workspace/public/admin/index.php:0
[09-Nov-2017 16:12:31 UTC] PHP   2. require_once() /home/ubuntu/workspace/public/admin/index.php:2
[09-Nov-2017 16:13:37 UTC] PHP Warning:  require_once(home/ubuntu/workspace/functions/adf.layout.php): failed to open stream: No such file or directory in /home/ubuntu/workspace/functions/adm.php on line 7
[09-Nov-2017 16:13:37 UTC] PHP Stack trace:
[09-Nov-2017 16:13:37 UTC] PHP   1. {main}() /home/ubuntu/workspace/public/admin/index.php:0
[09-Nov-2017 16:13:37 UTC] PHP   2. require_once() /home/ubuntu/workspace/public/admin/index.php:2
[09-Nov-2017 16:13:37 UTC] PHP Fatal error:  require_once(): Failed opening required 'home/ubuntu/workspace/functions/adf.layout.php' (include_path='.:/usr/share/php:/usr/share/pear') in /home/ubuntu/workspace/functions/adm.php on line 7
[09-Nov-2017 16:13:37 UTC] PHP Stack trace:
[09-Nov-2017 16:13:37 UTC] PHP   1. {main}() /home/ubuntu/workspace/public/admin/index.php:0
[09-Nov-2017 16:13:37 UTC] PHP   2. require_once() /home/ubuntu/workspace/public/admin/index.php:2
[09-Nov-2017 16:13:38 UTC] PHP Warning:  require_once(home/ubuntu/workspace/functions/adf.layout.php): failed to open stream: No such file or directory in /home/ubuntu/workspace/functions/adm.php on line 7
[09-Nov-2017 16:13:38 UTC] PHP Stack trace:
[09-Nov-2017 16:13:38 UTC] PHP   1. {main}() /home/ubuntu/workspace/public/admin/index.php:0
[09-Nov-2017 16:13:38 UTC] PHP   2. require_once() /home/ubuntu/workspace/public/admin/index.php:2
[09-Nov-2017 16:13:38 UTC] PHP Fatal error:  require_once(): Failed opening required 'home/ubuntu/workspace/functions/adf.layout.php' (include_path='.:/usr/share/php:/usr/share/pear') in /home/ubuntu/workspace/functions/adm.php on line 7
[09-Nov-2017 16:13:38 UTC] PHP Stack trace:
[09-Nov-2017 16:13:38 UTC] PHP   1. {main}() /home/ubuntu/workspace/public/admin/index.php:0
[09-Nov-2017 16:13:38 UTC] PHP   2. require_once() /home/ubuntu/workspace/public/admin/index.php:2
[09-Nov-2017 16:13:48 UTC] PHP Warning:  require_once(home/ubuntu/workspace/functions/adm.layout.php): failed to open stream: No such file or directory in /home/ubuntu/workspace/functions/adm.php on line 7
[09-Nov-2017 16:13:48 UTC] PHP Stack trace:
[09-Nov-2017 16:13:48 UTC] PHP   1. {main}() /home/ubuntu/workspace/public/admin/index.php:0
[09-Nov-2017 16:13:48 UTC] PHP   2. require_once() /home/ubuntu/workspace/public/admin/index.php:2
[09-Nov-2017 16:13:48 UTC] PHP Fatal error:  require_once(): Failed opening required 'home/ubuntu/workspace/functions/adm.layout.php' (include_path='.:/usr/share/php:/usr/share/pear') in /home/ubuntu/workspace/functions/adm.php on line 7
[09-Nov-2017 16:13:48 UTC] PHP Stack trace:
[09-Nov-2017 16:13:48 UTC] PHP   1. {main}() /home/ubuntu/workspace/public/admin/index.php:0
[09-Nov-2017 16:13:48 UTC] PHP   2. require_once() /home/ubuntu/workspace/public/admin/index.php:2
[09-Nov-2017 16:13:50 UTC] PHP Warning:  require_once(home/ubuntu/workspace/functions/adm.layout.php): failed to open stream: No such file or directory in /home/ubuntu/workspace/functions/adm.php on line 7
[09-Nov-2017 16:13:50 UTC] PHP Stack trace:
[09-Nov-2017 16:13:50 UTC] PHP   1. {main}() /home/ubuntu/workspace/public/admin/index.php:0
[09-Nov-2017 16:13:50 UTC] PHP   2. require_once() /home/ubuntu/workspace/public/admin/index.php:2
[09-Nov-2017 16:13:50 UTC] PHP Fatal error:  require_once(): Failed opening required 'home/ubuntu/workspace/functions/adm.layout.php' (include_path='.:/usr/share/php:/usr/share/pear') in /home/ubuntu/workspace/functions/adm.php on line 7
[09-Nov-2017 16:13:50 UTC] PHP Stack trace:
[09-Nov-2017 16:13:50 UTC] PHP   1. {main}() /home/ubuntu/workspace/public/admin/index.php:0
[09-Nov-2017 16:13:50 UTC] PHP   2. require_once() /home/ubuntu/workspace/public/admin/index.php:2
[09-Nov-2017 16:50:20 UTC] PHP Warning:  require_once(home/ubuntu/workspace/functions/adm.layout.php): failed to open stream: No such file or directory in /home/ubuntu/workspace/functions/adm.php on line 7
[09-Nov-2017 16:50:20 UTC] PHP Stack trace:
[09-Nov-2017 16:50:20 UTC] PHP   1. {main}() /home/ubuntu/workspace/public/admin/index.php:0
[09-Nov-2017 16:50:20 UTC] PHP   2. require_once() /home/ubuntu/workspace/public/admin/index.php:2
[09-Nov-2017 16:50:20 UTC] PHP Fatal error:  require_once(): Failed opening required 'home/ubuntu/workspace/functions/adm.layout.php' (include_path='.:/usr/share/php:/usr/share/pear') in /home/ubuntu/workspace/functions/adm.php on line 7
[09-Nov-2017 16:50:20 UTC] PHP Stack trace:
[09-Nov-2017 16:50:20 UTC] PHP   1. {main}() /home/ubuntu/workspace/public/admin/index.php:0
[09-Nov-2017 16:50:20 UTC] PHP   2. require_once() /home/ubuntu/workspace/public/admin/index.php:2
[09-Nov-2017 16:50:22 UTC] PHP Warning:  require_once(home/ubuntu/workspace/functions/adm.layout.php): failed to open stream: No such file or directory in /home/ubuntu/workspace/functions/adm.php on line 7
[09-Nov-2017 16:50:22 UTC] PHP Stack trace:
[09-Nov-2017 16:50:22 UTC] PHP   1. {main}() /home/ubuntu/workspace/public/admin/index.php:0
[09-Nov-2017 16:50:22 UTC] PHP   2. require_once() /home/ubuntu/workspace/public/admin/index.php:2
[09-Nov-2017 16:50:22 UTC] PHP Fatal error:  require_once(): Failed opening required 'home/ubuntu/workspace/functions/adm.layout.php' (include_path='.:/usr/share/php:/usr/share/pear') in /home/ubuntu/workspace/functions/adm.php on line 7
[09-Nov-2017 16:50:22 UTC] PHP Stack trace:
[09-Nov-2017 16:50:22 UTC] PHP   1. {main}() /home/ubuntu/workspace/public/admin/index.php:0
[09-Nov-2017 16:50:22 UTC] PHP   2. require_once() /home/ubuntu/workspace/public/admin/index.php:2
[09-Nov-2017 16:50:43 UTC] PHP Warning:  require_once(home/ubuntu/workspace/functions/adm.layout.php): failed to open stream: No such file or directory in /home/ubuntu/workspace/functions/adm.php on line 7
[09-Nov-2017 16:50:43 UTC] PHP Stack trace:
[09-Nov-2017 16:50:43 UTC] PHP   1. {main}() /home/ubuntu/workspace/public/admin/index.php:0
[09-Nov-2017 16:50:43 UTC] PHP   2. require_once() /home/ubuntu/workspace/public/admin/index.php:2
[09-Nov-2017 16:50:43 UTC] PHP Fatal error:  require_once(): Failed opening required 'home/ubuntu/workspace/functions/adm.layout.php' (include_path='.:/usr/share/php:/usr/share/pear') in /home/ubuntu/workspace/functions/adm.php on line 7
[09-Nov-2017 16:50:43 UTC] PHP Stack trace:
[09-Nov-2017 16:50:43 UTC] PHP   1. {main}() /home/ubuntu/workspace/public/admin/index.php:0
[09-Nov-2017 16:50:43 UTC] PHP   2. require_once() /home/ubuntu/workspace/public/admin/index.php:2
[09-Nov-2017 16:50:44 UTC] PHP Warning:  require_once(home/ubuntu/workspace/functions/adm.layout.php): failed to open stream: No such file or directory in /home/ubuntu/workspace/functions/adm.php on line 7
[09-Nov-2017 16:50:44 UTC] PHP Stack trace:
[09-Nov-2017 16:50:44 UTC] PHP   1. {main}() /home/ubuntu/workspace/public/admin/index.php:0
[09-Nov-2017 16:50:44 UTC] PHP   2. require_once() /home/ubuntu/workspace/public/admin/index.php:2
[09-Nov-2017 16:50:44 UTC] PHP Fatal error:  require_once(): Failed opening required 'home/ubuntu/workspace/functions/adm.layout.php' (include_path='.:/usr/share/php:/usr/share/pear') in /home/ubuntu/workspace/functions/adm.php on line 7
[09-Nov-2017 16:50:44 UTC] PHP Stack trace:
[09-Nov-2017 16:50:44 UTC] PHP   1. {main}() /home/ubuntu/workspace/public/admin/index.php:0
[09-Nov-2017 16:50:44 UTC] PHP   2. require_once() /home/ubuntu/workspace/public/admin/index.php:2
[09-Nov-2017 16:50:45 UTC] PHP Warning:  require_once(home/ubuntu/workspace/functions/adm.layout.php): failed to open stream: No such file or directory in /home/ubuntu/workspace/functions/adm.php on line 7
[09-Nov-2017 16:50:45 UTC] PHP Stack trace:
[09-Nov-2017 16:50:45 UTC] PHP   1. {main}() /home/ubuntu/workspace/public/admin/index.php:0
[09-Nov-2017 16:50:45 UTC] PHP   2. require_once() /home/ubuntu/workspace/public/admin/index.php:2
[09-Nov-2017 16:50:45 UTC] PHP Fatal error:  require_once(): Failed opening required 'home/ubuntu/workspace/functions/adm.layout.php' (include_path='.:/usr/share/php:/usr/share/pear') in /home/ubuntu/workspace/functions/adm.php on line 7
[09-Nov-2017 16:50:45 UTC] PHP Stack trace:
[09-Nov-2017 16:50:45 UTC] PHP   1. {main}() /home/ubuntu/workspace/public/admin/index.php:0
[09-Nov-2017 16:50:45 UTC] PHP   2. require_once() /home/ubuntu/workspace/public/admin/index.php:2
[09-Nov-2017 18:41:33 UTC] PHP Warning:  require_once(home/ubuntu/workspace/functions/adm.layout.php): failed to open stream: No such file or directory in /home/ubuntu/workspace/functions/adm.php on line 7
[09-Nov-2017 18:41:33 UTC] PHP Stack trace:
[09-Nov-2017 18:41:33 UTC] PHP   1. {main}() /home/ubuntu/workspace/public/admin/index.php:0
[09-Nov-2017 18:41:33 UTC] PHP   2. require_once() /home/ubuntu/workspace/public/admin/index.php:2
[09-Nov-2017 18:41:33 UTC] PHP Fatal error:  require_once(): Failed opening required 'home/ubuntu/workspace/functions/adm.layout.php' (include_path='.:/usr/share/php:/usr/share/pear') in /home/ubuntu/workspace/functions/adm.php on line 7
[09-Nov-2017 18:41:33 UTC] PHP Stack trace:
[09-Nov-2017 18:41:33 UTC] PHP   1. {main}() /home/ubuntu/workspace/public/admin/index.php:0
[09-Nov-2017 18:41:33 UTC] PHP   2. require_once() /home/ubuntu/workspace/public/admin/index.php:2
[10-Nov-2017 02:32:56 UTC] PHP Warning:  require_once(home/ubuntu/workspace/functions/adm.layout.php): failed to open stream: No such file or directory in /home/ubuntu/workspace/functions/adm.php on line 7
[10-Nov-2017 02:32:56 UTC] PHP Stack trace:
[10-Nov-2017 02:32:56 UTC] PHP   1. {main}() /home/ubuntu/workspace/public/admin/index.php:0
[10-Nov-2017 02:32:56 UTC] PHP   2. require_once() /home/ubuntu/workspace/public/admin/index.php:2
[10-Nov-2017 02:32:56 UTC] PHP Fatal error:  require_once(): Failed opening required 'home/ubuntu/workspace/functions/adm.layout.php' (include_path='.:/usr/share/php:/usr/share/pear') in /home/ubuntu/workspace/functions/adm.php on line 7
[10-Nov-2017 02:32:56 UTC] PHP Stack trace:
[10-Nov-2017 02:32:56 UTC] PHP   1. {main}() /home/ubuntu/workspace/public/admin/index.php:0
[10-Nov-2017 02:32:56 UTC] PHP   2. require_once() /home/ubuntu/workspace/public/admin/index.php:2
[10-Nov-2017 13:55:18 UTC] PHP Warning:  require_once(home/ubuntu/workspace/functions/adm.layout.php): failed to open stream: No such file or directory in /home/ubuntu/workspace/functions/adm.php on line 7
[10-Nov-2017 13:55:18 UTC] PHP Stack trace:
[10-Nov-2017 13:55:18 UTC] PHP   1. {main}() /home/ubuntu/workspace/public/admin/index.php:0
[10-Nov-2017 13:55:18 UTC] PHP   2. require_once() /home/ubuntu/workspace/public/admin/index.php:2
[10-Nov-2017 13:55:18 UTC] PHP Fatal error:  require_once(): Failed opening required 'home/ubuntu/workspace/functions/adm.layout.php' (include_path='.:/usr/share/php:/usr/share/pear') in /home/ubuntu/workspace/functions/adm.php on line 7
[10-Nov-2017 13:55:18 UTC] PHP Stack trace:
[10-Nov-2017 13:55:18 UTC] PHP   1. {main}() /home/ubuntu/workspace/public/admin/index.php:0
[10-Nov-2017 13:55:18 UTC] PHP   2. require_once() /home/ubuntu/workspace/public/admin/index.php:2
[10-Nov-2017 13:57:37 UTC] PHP Warning:  require_once(home/ubuntu/workspace/functions/adm.layout.php): failed to open stream: No such file or directory in /home/ubuntu/workspace/functions/adm.php on line 7
[10-Nov-2017 13:57:37 UTC] PHP Stack trace:
[10-Nov-2017 13:57:37 UTC] PHP   1. {main}() /home/ubuntu/workspace/public/admin/index.php:0
[10-Nov-2017 13:57:37 UTC] PHP   2. require_once() /home/ubuntu/workspace/public/admin/index.php:2
[10-Nov-2017 13:57:37 UTC] PHP Fatal error:  require_once(): Failed opening required 'home/ubuntu/workspace/functions/adm.layout.php' (include_path='.:/usr/share/php:/usr/share/pear') in /home/ubuntu/workspace/functions/adm.php on line 7
[10-Nov-2017 13:57:37 UTC] PHP Stack trace:
[10-Nov-2017 13:57:37 UTC] PHP   1. {main}() /home/ubuntu/workspace/public/admin/index.php:0
[10-Nov-2017 13:57:37 UTC] PHP   2. require_once() /home/ubuntu/workspace/public/admin/index.php:2
[10-Nov-2017 13:59:03 UTC] PHP Warning:  require_once(home/ubuntu/workspace/functions/adm.layout.php): failed to open stream: No such file or directory in /home/ubuntu/workspace/functions/adm.php on line 7
[10-Nov-2017 13:59:03 UTC] PHP Stack trace:
[10-Nov-2017 13:59:03 UTC] PHP   1. {main}() /home/ubuntu/workspace/public/admin/index.php:0
[10-Nov-2017 13:59:03 UTC] PHP   2. require_once() /home/ubuntu/workspace/public/admin/index.php:2
[10-Nov-2017 13:59:03 UTC] PHP Fatal error:  require_once(): Failed opening required 'home/ubuntu/workspace/functions/adm.layout.php' (include_path='.:/usr/share/php:/usr/share/pear') in /home/ubuntu/workspace/functions/adm.php on line 7
[10-Nov-2017 13:59:03 UTC] PHP Stack trace:
[10-Nov-2017 13:59:03 UTC] PHP   1. {main}() /home/ubuntu/workspace/public/admin/index.php:0
[10-Nov-2017 13:59:03 UTC] PHP   2. require_once() /home/ubuntu/workspace/public/admin/index.php:2
[10-Nov-2017 13:59:05 UTC] PHP Warning:  require_once(home/ubuntu/workspace/functions/adm.layout.php): failed to open stream: No such file or directory in /home/ubuntu/workspace/functions/adm.php on line 7
[10-Nov-2017 13:59:05 UTC] PHP Stack trace:
[10-Nov-2017 13:59:05 UTC] PHP   1. {main}() /home/ubuntu/workspace/public/admin/index.php:0
[10-Nov-2017 13:59:05 UTC] PHP   2. require_once() /home/ubuntu/workspace/public/admin/index.php:2
[10-Nov-2017 13:59:05 UTC] PHP Fatal error:  require_once(): Failed opening required 'home/ubuntu/workspace/functions/adm.layout.php' (include_path='.:/usr/share/php:/usr/share/pear') in /home/ubuntu/workspace/functions/adm.php on line 7
[10-Nov-2017 13:59:05 UTC] PHP Stack trace:
[10-Nov-2017 13:59:05 UTC] PHP   1. {main}() /home/ubuntu/workspace/public/admin/index.php:0
[10-Nov-2017 13:59:05 UTC] PHP   2. require_once() /home/ubuntu/workspace/public/admin/index.php:2
[10-Nov-2017 13:59:21 UTC] PHP Warning:  require_once(home/ubuntu/workspace/functions/adm.layout.php): failed to open stream: No such file or directory in /home/ubuntu/workspace/functions/adm.php on line 7
[10-Nov-2017 13:59:21 UTC] PHP Stack trace:
[10-Nov-2017 13:59:21 UTC] PHP   1. {main}() /home/ubuntu/workspace/public/admin/index.php:0
[10-Nov-2017 13:59:21 UTC] PHP   2. require_once() /home/ubuntu/workspace/public/admin/index.php:2
[10-Nov-2017 13:59:21 UTC] PHP Fatal error:  require_once(): Failed opening required 'home/ubuntu/workspace/functions/adm.layout.php' (include_path='.:/usr/share/php:/usr/share/pear') in /home/ubuntu/workspace/functions/adm.php on line 7
[10-Nov-2017 13:59:21 UTC] PHP Stack trace:
[10-Nov-2017 13:59:21 UTC] PHP   1. {main}() /home/ubuntu/workspace/public/admin/index.php:0
[10-Nov-2017 13:59:21 UTC] PHP   2. require_once() /home/ubuntu/workspace/public/admin/index.php:2
[10-Nov-2017 13:59:23 UTC] PHP Warning:  require_once(home/ubuntu/workspace/functions/adm.layout.php): failed to open stream: No such file or directory in /home/ubuntu/workspace/functions/adm.php on line 7
[10-Nov-2017 13:59:23 UTC] PHP Stack trace:
[10-Nov-2017 13:59:23 UTC] PHP   1. {main}() /home/ubuntu/workspace/public/admin/index.php:0
[10-Nov-2017 13:59:23 UTC] PHP   2. require_once() /home/ubuntu/workspace/public/admin/index.php:2
[10-Nov-2017 13:59:23 UTC] PHP Fatal error:  require_once(): Failed opening required 'home/ubuntu/workspace/functions/adm.layout.php' (include_path='.:/usr/share/php:/usr/share/pear') in /home/ubuntu/workspace/functions/adm.php on line 7
[10-Nov-2017 13:59:23 UTC] PHP Stack trace:
[10-Nov-2017 13:59:23 UTC] PHP   1. {main}() /home/ubuntu/workspace/public/admin/index.php:0
[10-Nov-2017 13:59:23 UTC] PHP   2. require_once() /home/ubuntu/workspace/public/admin/index.php:2
[10-Nov-2017 13:59:25 UTC] PHP Warning:  require_once(home/ubuntu/workspace/functions/adm.layout.php): failed to open stream: No such file or directory in /home/ubuntu/workspace/functions/adm.php on line 7
[10-Nov-2017 13:59:25 UTC] PHP Stack trace:
[10-Nov-2017 13:59:25 UTC] PHP   1. {main}() /home/ubuntu/workspace/public/admin/index.php:0
[10-Nov-2017 13:59:25 UTC] PHP   2. require_once() /home/ubuntu/workspace/public/admin/index.php:2
[10-Nov-2017 13:59:25 UTC] PHP Fatal error:  require_once(): Failed opening required 'home/ubuntu/workspace/functions/adm.layout.php' (include_path='.:/usr/share/php:/usr/share/pear') in /home/ubuntu/workspace/functions/adm.php on line 7
[10-Nov-2017 13:59:25 UTC] PHP Stack trace:
[10-Nov-2017 13:59:25 UTC] PHP   1. {main}() /home/ubuntu/workspace/public/admin/index.php:0
[10-Nov-2017 13:59:25 UTC] PHP   2. require_once() /home/ubuntu/workspace/public/admin/index.php:2
[10-Nov-2017 14:04:48 UTC] PHP Warning:  require_once(home/ubuntu/workspace/functions/adm.layout.php): failed to open stream: No such file or directory in /home/ubuntu/workspace/functions/adm.php on line 7
[10-Nov-2017 14:04:48 UTC] PHP Stack trace:
[10-Nov-2017 14:04:48 UTC] PHP   1. {main}() /home/ubuntu/workspace/public/admin/index.php:0
[10-Nov-2017 14:04:48 UTC] PHP   2. require_once() /home/ubuntu/workspace/public/admin/index.php:2
[10-Nov-2017 14:04:48 UTC] PHP Fatal error:  require_once(): Failed opening required 'home/ubuntu/workspace/functions/adm.layout.php' (include_path='.:/usr/share/php:/usr/share/pear') in /home/ubuntu/workspace/functions/adm.php on line 7
[10-Nov-2017 14:04:48 UTC] PHP Stack trace:
[10-Nov-2017 14:04:48 UTC] PHP   1. {main}() /home/ubuntu/workspace/public/admin/index.php:0
[10-Nov-2017 14:04:48 UTC] PHP   2. require_once() /home/ubuntu/workspace/public/admin/index.php:2
[10-Nov-2017 14:04:50 UTC] PHP Warning:  require_once(home/ubuntu/workspace/functions/adm.layout.php): failed to open stream: No such file or directory in /home/ubuntu/workspace/functions/adm.php on line 7
[10-Nov-2017 14:04:50 UTC] PHP Stack trace:
[10-Nov-2017 14:04:50 UTC] PHP   1. {main}() /home/ubuntu/workspace/public/admin/index.php:0
[10-Nov-2017 14:04:50 UTC] PHP   2. require_once() /home/ubuntu/workspace/public/admin/index.php:2
[10-Nov-2017 14:04:50 UTC] PHP Fatal error:  require_once(): Failed opening required 'home/ubuntu/workspace/functions/adm.layout.php' (include_path='.:/usr/share/php:/usr/share/pear') in /home/ubuntu/workspace/functions/adm.php on line 7
[10-Nov-2017 14:04:50 UTC] PHP Stack trace:
[10-Nov-2017 14:04:50 UTC] PHP   1. {main}() /home/ubuntu/workspace/public/admin/index.php:0
[10-Nov-2017 14:04:50 UTC] PHP   2. require_once() /home/ubuntu/workspace/public/admin/index.php:2
[10-Nov-2017 14:05:04 UTC] PHP Warning:  require_once(home/ubuntu/workspace/functions/adm.layout.php): failed to open stream: No such file or directory in /home/ubuntu/workspace/functions/adm.php on line 7
[10-Nov-2017 14:05:04 UTC] PHP Stack trace:
[10-Nov-2017 14:05:04 UTC] PHP   1. {main}() /home/ubuntu/workspace/public/admin/index.php:0
[10-Nov-2017 14:05:04 UTC] PHP   2. require_once() /home/ubuntu/workspace/public/admin/index.php:2
[10-Nov-2017 14:05:04 UTC] PHP Fatal error:  require_once(): Failed opening required 'home/ubuntu/workspace/functions/adm.layout.php' (include_path='.:/usr/share/php:/usr/share/pear') in /home/ubuntu/workspace/functions/adm.php on line 7
[10-Nov-2017 14:05:04 UTC] PHP Stack trace:
[10-Nov-2017 14:05:04 UTC] PHP   1. {main}() /home/ubuntu/workspace/public/admin/index.php:0
[10-Nov-2017 14:05:04 UTC] PHP   2. require_once() /home/ubuntu/workspace/public/admin/index.php:2
[10-Nov-2017 14:05:06 UTC] PHP Warning:  require_once(home/ubuntu/workspace/functions/adm.layout.php): failed to open stream: No such file or directory in /home/ubuntu/workspace/functions/adm.php on line 7
[10-Nov-2017 14:05:06 UTC] PHP Stack trace:
[10-Nov-2017 14:05:06 UTC] PHP   1. {main}() /home/ubuntu/workspace/public/admin/index.php:0
[10-Nov-2017 14:05:06 UTC] PHP   2. require_once() /home/ubuntu/workspace/public/admin/index.php:2
[10-Nov-2017 14:05:06 UTC] PHP Fatal error:  require_once(): Failed opening required 'home/ubuntu/workspace/functions/adm.layout.php' (include_path='.:/usr/share/php:/usr/share/pear') in /home/ubuntu/workspace/functions/adm.php on line 7
[10-Nov-2017 14:05:06 UTC] PHP Stack trace:
[10-Nov-2017 14:05:06 UTC] PHP   1. {main}() /home/ubuntu/workspace/public/admin/index.php:0
[10-Nov-2017 14:05:06 UTC] PHP   2. require_once() /home/ubuntu/workspace/public/admin/index.php:2
[10-Nov-2017 14:05:18 UTC] PHP Warning:  require_once(home/ubuntu/workspace/functions/adm.layout.php): failed to open stream: No such file or directory in /home/ubuntu/workspace/functions/adm.php on line 7
[10-Nov-2017 14:05:18 UTC] PHP Stack trace:
[10-Nov-2017 14:05:18 UTC] PHP   1. {main}() /home/ubuntu/workspace/public/admin/index.php:0
[10-Nov-2017 14:05:18 UTC] PHP   2. require_once() /home/ubuntu/workspace/public/admin/index.php:2
[10-Nov-2017 14:05:18 UTC] PHP Fatal error:  require_once(): Failed opening required 'home/ubuntu/workspace/functions/adm.layout.php' (include_path='.:/usr/share/php:/usr/share/pear') in /home/ubuntu/workspace/functions/adm.php on line 7
[10-Nov-2017 14:05:18 UTC] PHP Stack trace:
[10-Nov-2017 14:05:18 UTC] PHP   1. {main}() /home/ubuntu/workspace/public/admin/index.php:0
[10-Nov-2017 14:05:18 UTC] PHP   2. require_once() /home/ubuntu/workspace/public/admin/index.php:2
[11-Nov-2017 17:26:41 UTC] PHP Warning:  require_once(home/ubuntu/workspace/functions/adm.layout.php): failed to open stream: No such file or directory in /home/ubuntu/workspace/functions/adm.php on line 7
[11-Nov-2017 17:26:41 UTC] PHP Stack trace:
[11-Nov-2017 17:26:41 UTC] PHP   1. {main}() /home/ubuntu/workspace/public/admin/index.php:0
[11-Nov-2017 17:26:41 UTC] PHP   2. require_once() /home/ubuntu/workspace/public/admin/index.php:2
[11-Nov-2017 17:26:41 UTC] PHP Fatal error:  require_once(): Failed opening required 'home/ubuntu/workspace/functions/adm.layout.php' (include_path='.:/usr/share/php:/usr/share/pear') in /home/ubuntu/workspace/functions/adm.php on line 7
[11-Nov-2017 17:26:41 UTC] PHP Stack trace:
[11-Nov-2017 17:26:41 UTC] PHP   1. {main}() /home/ubuntu/workspace/public/admin/index.php:0
[11-Nov-2017 17:26:41 UTC] PHP   2. require_once() /home/ubuntu/workspace/public/admin/index.php:2
[12-Nov-2017 15:44:11 UTC] PHP Warning:  require_once(home/ubuntu/workspace/functions/adm.layout.php): failed to open stream: No such file or directory in /home/ubuntu/workspace/functions/adm.php on line 7
[12-Nov-2017 15:44:11 UTC] PHP Stack trace:
[12-Nov-2017 15:44:11 UTC] PHP   1. {main}() /home/ubuntu/workspace/public/admin/index.php:0
[12-Nov-2017 15:44:11 UTC] PHP   2. require_once() /home/ubuntu/workspace/public/admin/index.php:2
[12-Nov-2017 15:44:11 UTC] PHP Fatal error:  require_once(): Failed opening required 'home/ubuntu/workspace/functions/adm.layout.php' (include_path='.:/usr/share/php:/usr/share/pear') in /home/ubuntu/workspace/functions/adm.php on line 7
[12-Nov-2017 15:44:11 UTC] PHP Stack trace:
[12-Nov-2017 15:44:11 UTC] PHP   1. {main}() /home/ubuntu/workspace/public/admin/index.php:0
[12-Nov-2017 15:44:11 UTC] PHP   2. require_once() /home/ubuntu/workspace/public/admin/index.php:2
[12-Nov-2017 15:44:13 UTC] PHP Warning:  require_once(home/ubuntu/workspace/functions/adm.layout.php): failed to open stream: No such file or directory in /home/ubuntu/workspace/functions/adm.php on line 7
[12-Nov-2017 15:44:13 UTC] PHP Stack trace:
[12-Nov-2017 15:44:13 UTC] PHP   1. {main}() /home/ubuntu/workspace/public/admin/index.php:0
[12-Nov-2017 15:44:13 UTC] PHP   2. require_once() /home/ubuntu/workspace/public/admin/index.php:2
[12-Nov-2017 15:44:13 UTC] PHP Fatal error:  require_once(): Failed opening required 'home/ubuntu/workspace/functions/adm.layout.php' (include_path='.:/usr/share/php:/usr/share/pear') in /home/ubuntu/workspace/functions/adm.php on line 7
[12-Nov-2017 15:44:13 UTC] PHP Stack trace:
[12-Nov-2017 15:44:13 UTC] PHP   1. {main}() /home/ubuntu/workspace/public/admin/index.php:0
[12-Nov-2017 15:44:13 UTC] PHP   2. require_once() /home/ubuntu/workspace/public/admin/index.php:2
[12-Nov-2017 20:48:00 UTC] PHP Warning:  require_once(home/ubuntu/workspace/functions/adm.layout.php): failed to open stream: No such file or directory in /home/ubuntu/workspace/functions/adm.php on line 7
[12-Nov-2017 20:48:00 UTC] PHP Stack trace:
[12-Nov-2017 20:48:00 UTC] PHP   1. {main}() /home/ubuntu/workspace/public/admin/index.php:0
[12-Nov-2017 20:48:00 UTC] PHP   2. require_once() /home/ubuntu/workspace/public/admin/index.php:2
[12-Nov-2017 20:48:00 UTC] PHP Fatal error:  require_once(): Failed opening required 'home/ubuntu/workspace/functions/adm.layout.php' (include_path='.:/usr/share/php:/usr/share/pear') in /home/ubuntu/workspace/functions/adm.php on line 7
[12-Nov-2017 20:48:00 UTC] PHP Stack trace:
[12-Nov-2017 20:48:00 UTC] PHP   1. {main}() /home/ubuntu/workspace/public/admin/index.php:0
[12-Nov-2017 20:48:00 UTC] PHP   2. require_once() /home/ubuntu/workspace/public/admin/index.php:2
[12-Nov-2017 20:50:04 UTC] PHP Warning:  require_once(home/ubuntu/workspace/functions/adm.layout.php): failed to open stream: No such file or directory in /home/ubuntu/workspace/functions/adm.php on line 7
[12-Nov-2017 20:50:04 UTC] PHP Stack trace:
[12-Nov-2017 20:50:04 UTC] PHP   1. {main}() /home/ubuntu/workspace/public/admin/index.php:0
[12-Nov-2017 20:50:04 UTC] PHP   2. require_once() /home/ubuntu/workspace/public/admin/index.php:2
[12-Nov-2017 20:50:04 UTC] PHP Fatal error:  require_once(): Failed opening required 'home/ubuntu/workspace/functions/adm.layout.php' (include_path='.:/usr/share/php:/usr/share/pear') in /home/ubuntu/workspace/functions/adm.php on line 7
[12-Nov-2017 20:50:04 UTC] PHP Stack trace:
[12-Nov-2017 20:50:04 UTC] PHP   1. {main}() /home/ubuntu/workspace/public/admin/index.php:0
[12-Nov-2017 20:50:04 UTC] PHP   2. require_once() /home/ubuntu/workspace/public/admin/index.php:2
[12-Nov-2017 20:50:27 UTC] PHP Warning:  require_once(home/ubuntu/workspace/functions/adm.layout.php): failed to open stream: No such file or directory in /home/ubuntu/workspace/functions/adm.php on line 7
[12-Nov-2017 20:50:27 UTC] PHP Stack trace:
[12-Nov-2017 20:50:27 UTC] PHP   1. {main}() /home/ubuntu/workspace/public/admin/index.php:0
[12-Nov-2017 20:50:27 UTC] PHP   2. include() /home/ubuntu/workspace/public/admin/index.php:2
[12-Nov-2017 20:50:27 UTC] PHP Fatal error:  require_once(): Failed opening required 'home/ubuntu/workspace/functions/adm.layout.php' (include_path='.:/usr/share/php:/usr/share/pear') in /home/ubuntu/workspace/functions/adm.php on line 7
[12-Nov-2017 20:50:27 UTC] PHP Stack trace:
[12-Nov-2017 20:50:27 UTC] PHP   1. {main}() /home/ubuntu/workspace/public/admin/index.php:0
[12-Nov-2017 20:50:27 UTC] PHP   2. include() /home/ubuntu/workspace/public/admin/index.php:2
[12-Nov-2017 20:51:20 UTC] PHP Warning:  include(home/ubuntu/workspace/functions/adm.layout.php): failed to open stream: No such file or directory in /home/ubuntu/workspace/functions/adm.php on line 7
[12-Nov-2017 20:51:20 UTC] PHP Stack trace:
[12-Nov-2017 20:51:20 UTC] PHP   1. {main}() /home/ubuntu/workspace/public/admin/index.php:0
[12-Nov-2017 20:51:20 UTC] PHP   2. include() /home/ubuntu/workspace/public/admin/index.php:2
[12-Nov-2017 20:51:20 UTC] PHP Warning:  include(): Failed opening 'home/ubuntu/workspace/functions/adm.layout.php' for inclusion (include_path='.:/usr/share/php:/usr/share/pear') in /home/ubuntu/workspace/functions/adm.php on line 7
[12-Nov-2017 20:51:20 UTC] PHP Stack trace:
[12-Nov-2017 20:51:20 UTC] PHP   1. {main}() /home/ubuntu/workspace/public/admin/index.php:0
[12-Nov-2017 20:51:20 UTC] PHP   2. include() /home/ubuntu/workspace/public/admin/index.php:2
[12-Nov-2017 20:51:20 UTC] PHP Fatal error:  Call to undefined function adm\layout\header() in /home/ubuntu/workspace/public/admin/index.php on line 3
[12-Nov-2017 20:51:20 UTC] PHP Stack trace:
[12-Nov-2017 20:51:20 UTC] PHP   1. {main}() /home/ubuntu/workspace/public/admin/index.php:0
[13-Nov-2017 13:50:59 UTC] PHP Warning:  include(home/ubuntu/workspace/functions/adm.layout.php): failed to open stream: No such file or directory in /home/ubuntu/workspace/functions/adm.php on line 7
[13-Nov-2017 13:50:59 UTC] PHP Stack trace:
[13-Nov-2017 13:50:59 UTC] PHP   1. {main}() /home/ubuntu/workspace/public/admin/index.php:0
[13-Nov-2017 13:50:59 UTC] PHP   2. include() /home/ubuntu/workspace/public/admin/index.php:2
[13-Nov-2017 13:50:59 UTC] PHP Warning:  include(): Failed opening 'home/ubuntu/workspace/functions/adm.layout.php' for inclusion (include_path='.:/usr/share/php:/usr/share/pear') in /home/ubuntu/workspace/functions/adm.php on line 7
[13-Nov-2017 13:50:59 UTC] PHP Stack trace:
[13-Nov-2017 13:50:59 UTC] PHP   1. {main}() /home/ubuntu/workspace/public/admin/index.php:0
[13-Nov-2017 13:50:59 UTC] PHP   2. include() /home/ubuntu/workspace/public/admin/index.php:2
[13-Nov-2017 13:54:40 UTC] PHP Warning:  include(home/ubuntu/workspacefunctions/adm.layout.php): failed to open stream: No such file or directory in /home/ubuntu/workspace/functions/adm.php on line 7
[13-Nov-2017 13:54:40 UTC] PHP Stack trace:
[13-Nov-2017 13:54:40 UTC] PHP   1. {main}() /home/ubuntu/workspace/public/admin/index.php:0
[13-Nov-2017 13:54:40 UTC] PHP   2. include() /home/ubuntu/workspace/public/admin/index.php:2
[13-Nov-2017 13:54:40 UTC] PHP Warning:  include(): Failed opening 'home/ubuntu/workspacefunctions/adm.layout.php' for inclusion (include_path='.:/usr/share/php:/usr/share/pear') in /home/ubuntu/workspace/functions/adm.php on line 7
[13-Nov-2017 13:54:40 UTC] PHP Stack trace:
[13-Nov-2017 13:54:40 UTC] PHP   1. {main}() /home/ubuntu/workspace/public/admin/index.php:0
[13-Nov-2017 13:54:40 UTC] PHP   2. include() /home/ubuntu/workspace/public/admin/index.php:2
[13-Nov-2017 13:54:56 UTC] PHP Warning:  include(home/ubuntu/workspace/functions/adm.layout.php): failed to open stream: No such file or directory in /home/ubuntu/workspace/functions/adm.php on line 7
[13-Nov-2017 13:54:56 UTC] PHP Stack trace:
[13-Nov-2017 13:54:56 UTC] PHP   1. {main}() /home/ubuntu/workspace/public/admin/index.php:0
[13-Nov-2017 13:54:56 UTC] PHP   2. include() /home/ubuntu/workspace/public/admin/index.php:2
[13-Nov-2017 13:54:56 UTC] PHP Warning:  include(): Failed opening 'home/ubuntu/workspace/functions/adm.layout.php' for inclusion (include_path='.:/usr/share/php:/usr/share/pear') in /home/ubuntu/workspace/functions/adm.php on line 7
[13-Nov-2017 13:54:56 UTC] PHP Stack trace:
[13-Nov-2017 13:54:56 UTC] PHP   1. {main}() /home/ubuntu/workspace/public/admin/index.php:0
[13-Nov-2017 13:54:56 UTC] PHP   2. include() /home/ubuntu/workspace/public/admin/index.php:2
[13-Nov-2017 14:04:20 UTC] PHP Parse error:  syntax error, unexpected '}' in /home/ubuntu/workspace/functions/adm.layout.php on line 11
[13-Nov-2017 14:04:20 UTC] PHP Stack trace:
[13-Nov-2017 14:04:20 UTC] PHP   1. {main}() /home/ubuntu/workspace/public/admin/index.php:0
[13-Nov-2017 14:04:20 UTC] PHP   2. include() /home/ubuntu/workspace/public/admin/index.php:2
[14-Nov-2017 13:46:28 UTC] PHP Warning:  require_once(/home/ubuntu/workspace/functions/admin/controller.php): failed to open stream: No such file or directory in /home/ubuntu/workspace/functions/adm.php on line 15
[14-Nov-2017 13:46:28 UTC] PHP Stack trace:
[14-Nov-2017 13:46:28 UTC] PHP   1. {main}() /home/ubuntu/workspace/public/admin/index.php:0
[14-Nov-2017 13:46:28 UTC] PHP   2. include() /home/ubuntu/workspace/public/admin/index.php:2
[14-Nov-2017 13:46:28 UTC] PHP Fatal error:  require_once(): Failed opening required '/home/ubuntu/workspace/functions/admin/controller.php' (include_path='.:/usr/share/php:/usr/share/pear') in /home/ubuntu/workspace/functions/adm.php on line 15
[14-Nov-2017 13:46:28 UTC] PHP Stack trace:
[14-Nov-2017 13:46:28 UTC] PHP   1. {main}() /home/ubuntu/workspace/public/admin/index.php:0
[14-Nov-2017 13:46:28 UTC] PHP   2. include() /home/ubuntu/workspace/public/admin/index.php:2
[15-Nov-2017 06:47:14 UTC] PHP Fatal error:  Call to undefined function adm\user\addMessage() in /home/ubuntu/workspace/functions/admin/controller.php on line 12
[15-Nov-2017 06:47:14 UTC] PHP Stack trace:
[15-Nov-2017 06:47:14 UTC] PHP   1. {main}() /home/ubuntu/workspace/public/admin/index.php:0
[15-Nov-2017 06:47:14 UTC] PHP   2. include() /home/ubuntu/workspace/public/admin/index.php:2
[15-Nov-2017 06:47:14 UTC] PHP   3. require_once() /home/ubuntu/workspace/functions/adm.php:16
[15-Nov-2017 06:49:23 UTC] PHP Warning:  require_once(/home/ubuntu/workspacefunctions/adm.users.php): failed to open stream: No such file or directory in /home/ubuntu/workspace/functions/admin/controller.php on line 3
[15-Nov-2017 06:49:23 UTC] PHP Stack trace:
[15-Nov-2017 06:49:23 UTC] PHP   1. {main}() /home/ubuntu/workspace/public/admin/index.php:0
[15-Nov-2017 06:49:23 UTC] PHP   2. include() /home/ubuntu/workspace/public/admin/index.php:2
[15-Nov-2017 06:49:23 UTC] PHP   3. require_once() /home/ubuntu/workspace/functions/adm.php:16
[15-Nov-2017 06:49:23 UTC] PHP Fatal error:  require_once(): Failed opening required '/home/ubuntu/workspacefunctions/adm.users.php' (include_path='.:/usr/share/php:/usr/share/pear') in /home/ubuntu/workspace/functions/admin/controller.php on line 3
[15-Nov-2017 06:49:23 UTC] PHP Stack trace:
[15-Nov-2017 06:49:23 UTC] PHP   1. {main}() /home/ubuntu/workspace/public/admin/index.php:0
[15-Nov-2017 06:49:23 UTC] PHP   2. include() /home/ubuntu/workspace/public/admin/index.php:2
[15-Nov-2017 06:49:23 UTC] PHP   3. require_once() /home/ubuntu/workspace/functions/adm.php:16
[15-Nov-2017 06:50:04 UTC] PHP Warning:  require_once(/home/ubuntu/workspace/functions/adm.users.php): failed to open stream: No such file or directory in /home/ubuntu/workspace/functions/admin/controller.php on line 3
[15-Nov-2017 06:50:04 UTC] PHP Stack trace:
[15-Nov-2017 06:50:04 UTC] PHP   1. {main}() /home/ubuntu/workspace/public/admin/index.php:0
[15-Nov-2017 06:50:04 UTC] PHP   2. include() /home/ubuntu/workspace/public/admin/index.php:2
[15-Nov-2017 06:50:04 UTC] PHP   3. require_once() /home/ubuntu/workspace/functions/adm.php:16
[15-Nov-2017 06:50:04 UTC] PHP Fatal error:  require_once(): Failed opening required '/home/ubuntu/workspace/functions/adm.users.php' (include_path='.:/usr/share/php:/usr/share/pear') in /home/ubuntu/workspace/functions/admin/controller.php on line 3
[15-Nov-2017 06:50:04 UTC] PHP Stack trace:
[15-Nov-2017 06:50:04 UTC] PHP   1. {main}() /home/ubuntu/workspace/public/admin/index.php:0
[15-Nov-2017 06:50:04 UTC] PHP   2. include() /home/ubuntu/workspace/public/admin/index.php:2
[15-Nov-2017 06:50:04 UTC] PHP   3. require_once() /home/ubuntu/workspace/functions/adm.php:16
[15-Nov-2017 13:42:48 UTC] PHP Warning:  include(../functions/adm.php): failed to open stream: No such file or directory in /home/ubuntu/workspace/public/register/index.php on line 3
[15-Nov-2017 13:42:48 UTC] PHP Stack trace:
[15-Nov-2017 13:42:48 UTC] PHP   1. {main}() /home/ubuntu/workspace/public/register/index.php:0
[15-Nov-2017 13:42:48 UTC] PHP Warning:  include(): Failed opening '../functions/adm.php' for inclusion (include_path='.:/usr/share/php:/usr/share/pear') in /home/ubuntu/workspace/public/register/index.php on line 3
[15-Nov-2017 13:42:48 UTC] PHP Stack trace:
[15-Nov-2017 13:42:48 UTC] PHP   1. {main}() /home/ubuntu/workspace/public/register/index.php:0
[15-Nov-2017 13:42:48 UTC] PHP Fatal error:  Call to undefined function adm\layout\header() in /home/ubuntu/workspace/public/register/index.php on line 4
[15-Nov-2017 13:42:48 UTC] PHP Stack trace:
[15-Nov-2017 13:42:48 UTC] PHP   1. {main}() /home/ubuntu/workspace/public/register/index.php:0
[18-Nov-2017 17:37:25 UTC] PHP Parse error:  syntax error, unexpected '}' in /home/ubuntu/workspace/functions/admin/controller.php on line 42
[18-Nov-2017 17:37:25 UTC] PHP Stack trace:
[18-Nov-2017 17:37:25 UTC] PHP   1. {main}() /home/ubuntu/workspace/public/admin/index.php:0
[18-Nov-2017 17:37:25 UTC] PHP   2. include() /home/ubuntu/workspace/public/admin/index.php:2
[18-Nov-2017 17:37:41 UTC] PHP Warning:  session_destroy(): Trying to destroy uninitialized session in /home/ubuntu/workspace/functions/admin/controller.php on line 39
[18-Nov-2017 17:37:41 UTC] PHP Stack trace:
[18-Nov-2017 17:37:41 UTC] PHP   1. {main}() /home/ubuntu/workspace/public/admin/index.php:0
[18-Nov-2017 17:37:41 UTC] PHP   2. include() /home/ubuntu/workspace/public/admin/index.php:2
[18-Nov-2017 17:37:41 UTC] PHP   3. require_once() /home/ubuntu/workspace/functions/adm.php:16
[18-Nov-2017 17:37:41 UTC] PHP   4. session_destroy() /home/ubuntu/workspace/functions/admin/controller.php:39
[25-Nov-2017 16:28:18 UTC] PHP Warning:  require_once(/home/ubuntu/workspace/functions/admin/adm.admin.php): failed to open stream: No such file or directory in /home/ubuntu/workspace/public/admin/index.php on line 4
[25-Nov-2017 16:28:18 UTC] PHP Stack trace:
[25-Nov-2017 16:28:18 UTC] PHP   1. {main}() /home/ubuntu/workspace/public/admin/index.php:0
[25-Nov-2017 16:28:18 UTC] PHP Fatal error:  require_once(): Failed opening required '/home/ubuntu/workspace/functions/admin/adm.admin.php' (include_path='.:/usr/share/php:/usr/share/pear') in /home/ubuntu/workspace/public/admin/index.php on line 4
[25-Nov-2017 16:28:18 UTC] PHP Stack trace:
[25-Nov-2017 16:28:18 UTC] PHP   1. {main}() /home/ubuntu/workspace/public/admin/index.php:0
[25-Nov-2017 16:30:30 UTC] PHP Fatal error:  Call to undefined function adm\user\printMessage() in /home/ubuntu/workspace/public/admin/index.php on line 14
[25-Nov-2017 16:30:30 UTC] PHP Stack trace:
[25-Nov-2017 16:30:30 UTC] PHP   1. {main}() /home/ubuntu/workspace/public/admin/index.php:0
[25-Nov-2017 16:44:47 UTC] PHP Parse error:  syntax error, unexpected 'var_dump' (T_STRING) in /home/ubuntu/workspace/functions/adm.php on line 20
[25-Nov-2017 16:44:47 UTC] PHP Stack trace:
[25-Nov-2017 16:44:47 UTC] PHP   1. {main}() /home/ubuntu/workspace/public/admin/index.php:0
[27-Nov-2017 04:48:13 UTC] PHP Parse error:  syntax error, unexpected ';', expecting '{' in /home/ubuntu/workspace/functions/adm.admin.php on line 13
[27-Nov-2017 04:48:13 UTC] PHP Stack trace:
[27-Nov-2017 04:48:13 UTC] PHP   1. {main}() /home/ubuntu/workspace/public/admin/index.php:0
[15-Dec-2017 14:16:33 UTC] PHP Warning:  require_once(FUNCTIONPATH/adm.admin.php): failed to open stream: No such file or directory in /home/ubuntu/workspace/public/admin/index.php on line 4
[15-Dec-2017 14:16:33 UTC] PHP Stack trace:
[15-Dec-2017 14:16:33 UTC] PHP   1. {main}() /home/ubuntu/workspace/public/admin/index.php:0
[15-Dec-2017 14:16:33 UTC] PHP Fatal error:  require_once(): Failed opening required 'FUNCTIONPATH/adm.admin.php' (include_path='.:/usr/share/php:/usr/share/pear') in /home/ubuntu/workspace/public/admin/index.php on line 4
[15-Dec-2017 14:16:33 UTC] PHP Stack trace:
[15-Dec-2017 14:16:33 UTC] PHP   1. {main}() /home/ubuntu/workspace/public/admin/index.php:0
[15-Dec-2017 14:18:43 UTC] PHP Warning:  require_once(ROOTPATH/functions/adm.user.php): failed to open stream: No such file or directory in /home/ubuntu/workspace/functions/admin/controller.php on line 3
[15-Dec-2017 14:18:43 UTC] PHP Stack trace:
[15-Dec-2017 14:18:43 UTC] PHP   1. {main}() /home/ubuntu/workspace/public/admin/index.php:0
[15-Dec-2017 14:18:43 UTC] PHP   2. Adm->__construct() /home/ubuntu/workspace/public/admin/index.php:3
[15-Dec-2017 14:18:43 UTC] PHP   3. require_once() /home/ubuntu/workspace/functions/adm.php:24
[15-Dec-2017 14:18:43 UTC] PHP Fatal error:  require_once(): Failed opening required 'ROOTPATH/functions/adm.user.php' (include_path='.:/usr/share/php:/usr/share/pear') in /home/ubuntu/workspace/functions/admin/controller.php on line 3
[15-Dec-2017 14:18:43 UTC] PHP Stack trace:
[15-Dec-2017 14:18:43 UTC] PHP   1. {main}() /home/ubuntu/workspace/public/admin/index.php:0
[15-Dec-2017 14:18:43 UTC] PHP   2. Adm->__construct() /home/ubuntu/workspace/public/admin/index.php:3
[15-Dec-2017 14:18:43 UTC] PHP   3. require_once() /home/ubuntu/workspace/functions/adm.php:24
[15-Dec-2017 14:21:02 UTC] PHP Fatal error:  Call to a member function addMessage() on a non-object in /home/ubuntu/workspace/functions/admin/controller.php on line 39
[15-Dec-2017 14:21:02 UTC] PHP Stack trace:
[15-Dec-2017 14:21:02 UTC] PHP   1. {main}() /home/ubuntu/workspace/public/admin/index.php:0
[15-Dec-2017 14:21:02 UTC] PHP   2. Adm->__construct() /home/ubuntu/workspace/public/admin/index.php:3
[15-Dec-2017 14:21:02 UTC] PHP   3. require_once() /home/ubuntu/workspace/functions/adm.php:24
[15-Dec-2017 14:21:02 UTC] PHP Fatal error:  Call to a member function addMessage() on a non-object in /home/ubuntu/workspace/functions/admin/controller.php on line 29
[15-Dec-2017 14:21:02 UTC] PHP Stack trace:
[15-Dec-2017 14:21:02 UTC] PHP   1. {main}() /home/ubuntu/workspace/public/admin/index.php:0
[15-Dec-2017 14:21:02 UTC] PHP   2. Adm->__construct() /home/ubuntu/workspace/public/admin/index.php:3
[15-Dec-2017 14:21:02 UTC] PHP   3. require_once() /home/ubuntu/workspace/functions/adm.php:24
[16-Dec-2017 14:54:59 UTC] PHP Fatal error:  Call to undefined method Adm::addMessage() in /home/ubuntu/workspace/functions/admin/controller.php on line 29
[16-Dec-2017 14:54:59 UTC] PHP Stack trace:
[16-Dec-2017 14:54:59 UTC] PHP   1. {main}() /home/ubuntu/workspace/public/admin/index.php:0
[16-Dec-2017 14:54:59 UTC] PHP   2. Adm->__construct() /home/ubuntu/workspace/public/admin/index.php:3
[16-Dec-2017 14:54:59 UTC] PHP   3. require_once() /home/ubuntu/workspace/functions/adm.php:24
[14-Jan-2018 17:13:21 UTC] PHP Fatal error:  Call to a member function status() on a non-object in /home/ubuntu/workspace/functions/admin/controller.php on line 39
[14-Jan-2018 17:13:21 UTC] PHP Stack trace:
[14-Jan-2018 17:13:21 UTC] PHP   1. {main}() /home/ubuntu/workspace/public/admin/index.php:0
[14-Jan-2018 17:13:21 UTC] PHP   2. Adm->__construct() /home/ubuntu/workspace/public/admin/index.php:3
[14-Jan-2018 17:13:21 UTC] PHP   3. require_once() /home/ubuntu/workspace/functions/adm.php:24
[14-Jan-2018 17:13:29 UTC] PHP Fatal error:  Call to a member function status() on a non-object in /home/ubuntu/workspace/functions/admin/controller.php on line 39
[14-Jan-2018 17:13:29 UTC] PHP Stack trace:
[14-Jan-2018 17:13:29 UTC] PHP   1. {main}() /home/ubuntu/workspace/public/admin/index.php:0
[14-Jan-2018 17:13:29 UTC] PHP   2. Adm->__construct() /home/ubuntu/workspace/public/admin/index.php:3
[14-Jan-2018 17:13:29 UTC] PHP   3. require_once() /home/ubuntu/workspace/functions/adm.php:24
[14-Jan-2018 17:13:35 UTC] PHP Fatal error:  Call to a member function status() on a non-object in /home/ubuntu/workspace/functions/admin/controller.php on line 39
[14-Jan-2018 17:13:35 UTC] PHP Stack trace:
[14-Jan-2018 17:13:35 UTC] PHP   1. {main}() /home/ubuntu/workspace/public/admin/index.php:0
[14-Jan-2018 17:13:35 UTC] PHP   2. Adm->__construct() /home/ubuntu/workspace/public/admin/index.php:3
[14-Jan-2018 17:13:35 UTC] PHP   3. require_once() /home/ubuntu/workspace/functions/adm.php:24
[20-Jan-2018 17:33:18 UTC] PHP Fatal error:  Call to undefined function adm\layout\header() in /home/ubuntu/workspace/public/register/index.php on line 4
[20-Jan-2018 17:33:18 UTC] PHP Stack trace:
[20-Jan-2018 17:33:18 UTC] PHP   1. {main}() /home/ubuntu/workspace/public/register/index.php:0
[21-Jan-2018 23:36:47 UTC] PHP Fatal error:  Call to a member function status() on a non-object in /home/ubuntu/workspace/functions/admin/controller.php on line 39
[21-Jan-2018 23:36:47 UTC] PHP Stack trace:
[21-Jan-2018 23:36:47 UTC] PHP   1. {main}() /home/ubuntu/workspace/public/admin/index.php:0
[21-Jan-2018 23:36:47 UTC] PHP   2. Adm->__construct() /home/ubuntu/workspace/public/admin/index.php:3
[21-Jan-2018 23:36:47 UTC] PHP   3. require_once() /home/ubuntu/workspace/functions/adm.php:24
[27-Jan-2018 05:37:41 UTC] PHP Fatal error:  Call to a member function status() on a non-object in /home/ubuntu/workspace/functions/admin/controller.php on line 39
[27-Jan-2018 05:37:41 UTC] PHP Stack trace:
[27-Jan-2018 05:37:41 UTC] PHP   1. {main}() /home/ubuntu/workspace/public/admin/index.php:0
[27-Jan-2018 05:37:41 UTC] PHP   2. Adm->header() /home/ubuntu/workspace/public/admin/index.php:5
[27-Jan-2018 05:37:41 UTC] PHP   3. require_once() /home/ubuntu/workspace/functions/adm.php:33
