[15-Nov-2017 07:00:29 UTC] PHP Warning:  include(../functions/adm.php): failed to open stream: No such file or directory in /home/ubuntu/workspace/public/admin/dashboard/index.php on line 3
[15-Nov-2017 07:00:29 UTC] PHP Stack trace:
[15-Nov-2017 07:00:29 UTC] PHP   1. {main}() /home/ubuntu/workspace/public/admin/dashboard/index.php:0
[15-Nov-2017 07:00:29 UTC] PHP Warning:  include(): Failed opening '../functions/adm.php' for inclusion (include_path='.:/usr/share/php:/usr/share/pear') in /home/ubuntu/workspace/public/admin/dashboard/index.php on line 3
[15-Nov-2017 07:00:29 UTC] PHP Stack trace:
[15-Nov-2017 07:00:29 UTC] PHP   1. {main}() /home/ubuntu/workspace/public/admin/dashboard/index.php:0
[15-Nov-2017 07:00:29 UTC] PHP Fatal error:  Call to undefined function adm\layout\header() in /home/ubuntu/workspace/public/admin/dashboard/index.php on line 4
[15-Nov-2017 07:00:29 UTC] PHP Stack trace:
[15-Nov-2017 07:00:29 UTC] PHP   1. {main}() /home/ubuntu/workspace/public/admin/dashboard/index.php:0
[15-Nov-2017 07:01:00 UTC] PHP Warning:  include(../../functions/adm.php): failed to open stream: No such file or directory in /home/ubuntu/workspace/public/admin/dashboard/index.php on line 3
[15-Nov-2017 07:01:00 UTC] PHP Stack trace:
[15-Nov-2017 07:01:00 UTC] PHP   1. {main}() /home/ubuntu/workspace/public/admin/dashboard/index.php:0
[15-Nov-2017 07:01:00 UTC] PHP Warning:  include(): Failed opening '../../functions/adm.php' for inclusion (include_path='.:/usr/share/php:/usr/share/pear') in /home/ubuntu/workspace/public/admin/dashboard/index.php on line 3
[15-Nov-2017 07:01:00 UTC] PHP Stack trace:
[15-Nov-2017 07:01:00 UTC] PHP   1. {main}() /home/ubuntu/workspace/public/admin/dashboard/index.php:0
[15-Nov-2017 07:01:00 UTC] PHP Fatal error:  Call to undefined function adm\layout\header() in /home/ubuntu/workspace/public/admin/dashboard/index.php on line 4
[15-Nov-2017 07:01:00 UTC] PHP Stack trace:
[15-Nov-2017 07:01:00 UTC] PHP   1. {main}() /home/ubuntu/workspace/public/admin/dashboard/index.php:0
[15-Nov-2017 07:01:34 UTC] PHP Warning:  include(../../functions/adm.php): failed to open stream: No such file or directory in /home/ubuntu/workspace/public/admin/dashboard/index.php on line 3
[15-Nov-2017 07:01:34 UTC] PHP Stack trace:
[15-Nov-2017 07:01:34 UTC] PHP   1. {main}() /home/ubuntu/workspace/public/admin/dashboard/index.php:0
[15-Nov-2017 07:01:34 UTC] PHP Warning:  include(): Failed opening '../../functions/adm.php' for inclusion (include_path='.:/usr/share/php:/usr/share/pear') in /home/ubuntu/workspace/public/admin/dashboard/index.php on line 3
[15-Nov-2017 07:01:34 UTC] PHP Stack trace:
[15-Nov-2017 07:01:34 UTC] PHP   1. {main}() /home/ubuntu/workspace/public/admin/dashboard/index.php:0
[15-Nov-2017 07:01:34 UTC] PHP Fatal error:  Call to undefined function adm\layout\header() in /home/ubuntu/workspace/public/admin/dashboard/index.php on line 4
[15-Nov-2017 07:01:34 UTC] PHP Stack trace:
[15-Nov-2017 07:01:34 UTC] PHP   1. {main}() /home/ubuntu/workspace/public/admin/dashboard/index.php:0
[15-Nov-2017 07:02:50 UTC] PHP Warning:  include(../../functions/adm.php): failed to open stream: No such file or directory in /home/ubuntu/workspace/public/admin/dashboard/index.php on line 3
[15-Nov-2017 07:02:50 UTC] PHP Stack trace:
[15-Nov-2017 07:02:50 UTC] PHP   1. {main}() /home/ubuntu/workspace/public/admin/dashboard/index.php:0
[15-Nov-2017 07:02:50 UTC] PHP Warning:  include(): Failed opening '../../functions/adm.php' for inclusion (include_path='.:/usr/share/php:/usr/share/pear') in /home/ubuntu/workspace/public/admin/dashboard/index.php on line 3
[15-Nov-2017 07:02:50 UTC] PHP Stack trace:
[15-Nov-2017 07:02:50 UTC] PHP   1. {main}() /home/ubuntu/workspace/public/admin/dashboard/index.php:0
[15-Nov-2017 07:02:50 UTC] PHP Fatal error:  Call to undefined function adm\layout\header() in /home/ubuntu/workspace/public/admin/dashboard/index.php on line 4
[15-Nov-2017 07:02:50 UTC] PHP Stack trace:
[15-Nov-2017 07:02:50 UTC] PHP   1. {main}() /home/ubuntu/workspace/public/admin/dashboard/index.php:0
[15-Nov-2017 07:02:51 UTC] PHP Warning:  include(../../functions/adm.php): failed to open stream: No such file or directory in /home/ubuntu/workspace/public/admin/dashboard/index.php on line 3
[15-Nov-2017 07:02:51 UTC] PHP Stack trace:
[15-Nov-2017 07:02:51 UTC] PHP   1. {main}() /home/ubuntu/workspace/public/admin/dashboard/index.php:0
[15-Nov-2017 07:02:51 UTC] PHP Warning:  include(): Failed opening '../../functions/adm.php' for inclusion (include_path='.:/usr/share/php:/usr/share/pear') in /home/ubuntu/workspace/public/admin/dashboard/index.php on line 3
[15-Nov-2017 07:02:51 UTC] PHP Stack trace:
[15-Nov-2017 07:02:51 UTC] PHP   1. {main}() /home/ubuntu/workspace/public/admin/dashboard/index.php:0
[15-Nov-2017 07:02:51 UTC] PHP Fatal error:  Call to undefined function adm\layout\header() in /home/ubuntu/workspace/public/admin/dashboard/index.php on line 4
[15-Nov-2017 07:02:51 UTC] PHP Stack trace:
[15-Nov-2017 07:02:51 UTC] PHP   1. {main}() /home/ubuntu/workspace/public/admin/dashboard/index.php:0
[15-Nov-2017 07:02:51 UTC] PHP Warning:  include(../../functions/adm.php): failed to open stream: No such file or directory in /home/ubuntu/workspace/public/admin/dashboard/index.php on line 3
[15-Nov-2017 07:02:51 UTC] PHP Stack trace:
[15-Nov-2017 07:02:51 UTC] PHP   1. {main}() /home/ubuntu/workspace/public/admin/dashboard/index.php:0
[15-Nov-2017 07:02:51 UTC] PHP Warning:  include(): Failed opening '../../functions/adm.php' for inclusion (include_path='.:/usr/share/php:/usr/share/pear') in /home/ubuntu/workspace/public/admin/dashboard/index.php on line 3
[15-Nov-2017 07:02:51 UTC] PHP Stack trace:
[15-Nov-2017 07:02:51 UTC] PHP   1. {main}() /home/ubuntu/workspace/public/admin/dashboard/index.php:0
[15-Nov-2017 07:02:51 UTC] PHP Fatal error:  Call to undefined function adm\layout\header() in /home/ubuntu/workspace/public/admin/dashboard/index.php on line 4
[15-Nov-2017 07:02:51 UTC] PHP Stack trace:
[15-Nov-2017 07:02:51 UTC] PHP   1. {main}() /home/ubuntu/workspace/public/admin/dashboard/index.php:0
[15-Nov-2017 07:02:52 UTC] PHP Warning:  include(../../functions/adm.php): failed to open stream: No such file or directory in /home/ubuntu/workspace/public/admin/dashboard/index.php on line 3
[15-Nov-2017 07:02:52 UTC] PHP Stack trace:
[15-Nov-2017 07:02:52 UTC] PHP   1. {main}() /home/ubuntu/workspace/public/admin/dashboard/index.php:0
[15-Nov-2017 07:02:52 UTC] PHP Warning:  include(): Failed opening '../../functions/adm.php' for inclusion (include_path='.:/usr/share/php:/usr/share/pear') in /home/ubuntu/workspace/public/admin/dashboard/index.php on line 3
[15-Nov-2017 07:02:52 UTC] PHP Stack trace:
[15-Nov-2017 07:02:52 UTC] PHP   1. {main}() /home/ubuntu/workspace/public/admin/dashboard/index.php:0
[15-Nov-2017 07:02:52 UTC] PHP Fatal error:  Call to undefined function adm\layout\header() in /home/ubuntu/workspace/public/admin/dashboard/index.php on line 4
[15-Nov-2017 07:02:52 UTC] PHP Stack trace:
[15-Nov-2017 07:02:52 UTC] PHP   1. {main}() /home/ubuntu/workspace/public/admin/dashboard/index.php:0
[15-Nov-2017 07:02:53 UTC] PHP Warning:  include(../../functions/adm.php): failed to open stream: No such file or directory in /home/ubuntu/workspace/public/admin/dashboard/index.php on line 3
[15-Nov-2017 07:02:53 UTC] PHP Stack trace:
[15-Nov-2017 07:02:53 UTC] PHP   1. {main}() /home/ubuntu/workspace/public/admin/dashboard/index.php:0
[15-Nov-2017 07:02:53 UTC] PHP Warning:  include(): Failed opening '../../functions/adm.php' for inclusion (include_path='.:/usr/share/php:/usr/share/pear') in /home/ubuntu/workspace/public/admin/dashboard/index.php on line 3
[15-Nov-2017 07:02:53 UTC] PHP Stack trace:
[15-Nov-2017 07:02:53 UTC] PHP   1. {main}() /home/ubuntu/workspace/public/admin/dashboard/index.php:0
[15-Nov-2017 07:02:53 UTC] PHP Fatal error:  Call to undefined function adm\layout\header() in /home/ubuntu/workspace/public/admin/dashboard/index.php on line 4
[15-Nov-2017 07:02:53 UTC] PHP Stack trace:
[15-Nov-2017 07:02:53 UTC] PHP   1. {main}() /home/ubuntu/workspace/public/admin/dashboard/index.php:0
[15-Nov-2017 07:02:54 UTC] PHP Warning:  include(../../functions/adm.php): failed to open stream: No such file or directory in /home/ubuntu/workspace/public/admin/dashboard/index.php on line 3
[15-Nov-2017 07:02:54 UTC] PHP Stack trace:
[15-Nov-2017 07:02:54 UTC] PHP   1. {main}() /home/ubuntu/workspace/public/admin/dashboard/index.php:0
[15-Nov-2017 07:02:54 UTC] PHP Warning:  include(): Failed opening '../../functions/adm.php' for inclusion (include_path='.:/usr/share/php:/usr/share/pear') in /home/ubuntu/workspace/public/admin/dashboard/index.php on line 3
[15-Nov-2017 07:02:54 UTC] PHP Stack trace:
[15-Nov-2017 07:02:54 UTC] PHP   1. {main}() /home/ubuntu/workspace/public/admin/dashboard/index.php:0
[15-Nov-2017 07:02:54 UTC] PHP Fatal error:  Call to undefined function adm\layout\header() in /home/ubuntu/workspace/public/admin/dashboard/index.php on line 4
[15-Nov-2017 07:02:54 UTC] PHP Stack trace:
[15-Nov-2017 07:02:54 UTC] PHP   1. {main}() /home/ubuntu/workspace/public/admin/dashboard/index.php:0
[15-Nov-2017 07:02:55 UTC] PHP Warning:  include(../../functions/adm.php): failed to open stream: No such file or directory in /home/ubuntu/workspace/public/admin/dashboard/index.php on line 3
[15-Nov-2017 07:02:55 UTC] PHP Stack trace:
[15-Nov-2017 07:02:55 UTC] PHP   1. {main}() /home/ubuntu/workspace/public/admin/dashboard/index.php:0
[15-Nov-2017 07:02:55 UTC] PHP Warning:  include(): Failed opening '../../functions/adm.php' for inclusion (include_path='.:/usr/share/php:/usr/share/pear') in /home/ubuntu/workspace/public/admin/dashboard/index.php on line 3
[15-Nov-2017 07:02:55 UTC] PHP Stack trace:
[15-Nov-2017 07:02:55 UTC] PHP   1. {main}() /home/ubuntu/workspace/public/admin/dashboard/index.php:0
[15-Nov-2017 07:02:55 UTC] PHP Fatal error:  Call to undefined function adm\layout\header() in /home/ubuntu/workspace/public/admin/dashboard/index.php on line 4
[15-Nov-2017 07:02:55 UTC] PHP Stack trace:
[15-Nov-2017 07:02:55 UTC] PHP   1. {main}() /home/ubuntu/workspace/public/admin/dashboard/index.php:0
[15-Nov-2017 07:03:11 UTC] PHP Warning:  include(../../functions/adm.php): failed to open stream: No such file or directory in /home/ubuntu/workspace/public/admin/dashboard/index.php on line 3
[15-Nov-2017 07:03:11 UTC] PHP Stack trace:
[15-Nov-2017 07:03:11 UTC] PHP   1. {main}() /home/ubuntu/workspace/public/admin/dashboard/index.php:0
[15-Nov-2017 07:03:11 UTC] PHP Warning:  include(): Failed opening '../../functions/adm.php' for inclusion (include_path='.:/usr/share/php:/usr/share/pear') in /home/ubuntu/workspace/public/admin/dashboard/index.php on line 3
[15-Nov-2017 07:03:11 UTC] PHP Stack trace:
[15-Nov-2017 07:03:11 UTC] PHP   1. {main}() /home/ubuntu/workspace/public/admin/dashboard/index.php:0
[15-Nov-2017 07:03:11 UTC] PHP Fatal error:  Call to undefined function adm\layout\header() in /home/ubuntu/workspace/public/admin/dashboard/index.php on line 4
[15-Nov-2017 07:03:11 UTC] PHP Stack trace:
[15-Nov-2017 07:03:11 UTC] PHP   1. {main}() /home/ubuntu/workspace/public/admin/dashboard/index.php:0
[15-Nov-2017 07:03:18 UTC] PHP Warning:  include(../../functions/adm.php): failed to open stream: No such file or directory in /home/ubuntu/workspace/public/admin/dashboard/index.php on line 3
[15-Nov-2017 07:03:18 UTC] PHP Stack trace:
[15-Nov-2017 07:03:18 UTC] PHP   1. {main}() /home/ubuntu/workspace/public/admin/dashboard/index.php:0
[15-Nov-2017 07:03:18 UTC] PHP Warning:  include(): Failed opening '../../functions/adm.php' for inclusion (include_path='.:/usr/share/php:/usr/share/pear') in /home/ubuntu/workspace/public/admin/dashboard/index.php on line 3
[15-Nov-2017 07:03:18 UTC] PHP Stack trace:
[15-Nov-2017 07:03:18 UTC] PHP   1. {main}() /home/ubuntu/workspace/public/admin/dashboard/index.php:0
[15-Nov-2017 07:03:18 UTC] PHP Fatal error:  Call to undefined function adm\layout\header() in /home/ubuntu/workspace/public/admin/dashboard/index.php on line 4
[15-Nov-2017 07:03:18 UTC] PHP Stack trace:
[15-Nov-2017 07:03:18 UTC] PHP   1. {main}() /home/ubuntu/workspace/public/admin/dashboard/index.php:0
[15-Nov-2017 07:03:24 UTC] PHP Warning:  include(../../functions/adm.php): failed to open stream: No such file or directory in /home/ubuntu/workspace/public/admin/dashboard/index.php on line 3
[15-Nov-2017 07:03:24 UTC] PHP Stack trace:
[15-Nov-2017 07:03:24 UTC] PHP   1. {main}() /home/ubuntu/workspace/public/admin/dashboard/index.php:0
[15-Nov-2017 07:03:24 UTC] PHP Warning:  include(): Failed opening '../../functions/adm.php' for inclusion (include_path='.:/usr/share/php:/usr/share/pear') in /home/ubuntu/workspace/public/admin/dashboard/index.php on line 3
[15-Nov-2017 07:03:24 UTC] PHP Stack trace:
[15-Nov-2017 07:03:24 UTC] PHP   1. {main}() /home/ubuntu/workspace/public/admin/dashboard/index.php:0
[15-Nov-2017 07:03:24 UTC] PHP Fatal error:  Call to undefined function adm\layout\header() in /home/ubuntu/workspace/public/admin/dashboard/index.php on line 4
[15-Nov-2017 07:03:24 UTC] PHP Stack trace:
[15-Nov-2017 07:03:24 UTC] PHP   1. {main}() /home/ubuntu/workspace/public/admin/dashboard/index.php:0
[15-Nov-2017 07:03:25 UTC] PHP Warning:  include(../../functions/adm.php): failed to open stream: No such file or directory in /home/ubuntu/workspace/public/admin/dashboard/index.php on line 3
[15-Nov-2017 07:03:25 UTC] PHP Stack trace:
[15-Nov-2017 07:03:25 UTC] PHP   1. {main}() /home/ubuntu/workspace/public/admin/dashboard/index.php:0
[15-Nov-2017 07:03:25 UTC] PHP Warning:  include(): Failed opening '../../functions/adm.php' for inclusion (include_path='.:/usr/share/php:/usr/share/pear') in /home/ubuntu/workspace/public/admin/dashboard/index.php on line 3
[15-Nov-2017 07:03:25 UTC] PHP Stack trace:
[15-Nov-2017 07:03:25 UTC] PHP   1. {main}() /home/ubuntu/workspace/public/admin/dashboard/index.php:0
[15-Nov-2017 07:03:25 UTC] PHP Fatal error:  Call to undefined function adm\layout\header() in /home/ubuntu/workspace/public/admin/dashboard/index.php on line 4
[15-Nov-2017 07:03:25 UTC] PHP Stack trace:
[15-Nov-2017 07:03:25 UTC] PHP   1. {main}() /home/ubuntu/workspace/public/admin/dashboard/index.php:0
[15-Nov-2017 07:05:12 UTC] PHP Warning:  include(/../../functions/adm.php): failed to open stream: No such file or directory in /home/ubuntu/workspace/public/admin/dashboard/index.php on line 3
[15-Nov-2017 07:05:12 UTC] PHP Stack trace:
[15-Nov-2017 07:05:12 UTC] PHP   1. {main}() /home/ubuntu/workspace/public/admin/dashboard/index.php:0
[15-Nov-2017 07:05:12 UTC] PHP Warning:  include(): Failed opening '/../../functions/adm.php' for inclusion (include_path='.:/usr/share/php:/usr/share/pear') in /home/ubuntu/workspace/public/admin/dashboard/index.php on line 3
[15-Nov-2017 07:05:12 UTC] PHP Stack trace:
[15-Nov-2017 07:05:12 UTC] PHP   1. {main}() /home/ubuntu/workspace/public/admin/dashboard/index.php:0
[15-Nov-2017 07:05:12 UTC] PHP Fatal error:  Call to undefined function adm\layout\header() in /home/ubuntu/workspace/public/admin/dashboard/index.php on line 4
[15-Nov-2017 07:05:12 UTC] PHP Stack trace:
[15-Nov-2017 07:05:12 UTC] PHP   1. {main}() /home/ubuntu/workspace/public/admin/dashboard/index.php:0
[15-Nov-2017 07:05:34 UTC] PHP Warning:  include(..../functions/adm.php): failed to open stream: No such file or directory in /home/ubuntu/workspace/public/admin/dashboard/index.php on line 3
[15-Nov-2017 07:05:34 UTC] PHP Stack trace:
[15-Nov-2017 07:05:34 UTC] PHP   1. {main}() /home/ubuntu/workspace/public/admin/dashboard/index.php:0
[15-Nov-2017 07:05:34 UTC] PHP Warning:  include(): Failed opening '..../functions/adm.php' for inclusion (include_path='.:/usr/share/php:/usr/share/pear') in /home/ubuntu/workspace/public/admin/dashboard/index.php on line 3
[15-Nov-2017 07:05:34 UTC] PHP Stack trace:
[15-Nov-2017 07:05:34 UTC] PHP   1. {main}() /home/ubuntu/workspace/public/admin/dashboard/index.php:0
[15-Nov-2017 07:05:34 UTC] PHP Fatal error:  Call to undefined function adm\layout\header() in /home/ubuntu/workspace/public/admin/dashboard/index.php on line 4
[15-Nov-2017 07:05:34 UTC] PHP Stack trace:
[15-Nov-2017 07:05:34 UTC] PHP   1. {main}() /home/ubuntu/workspace/public/admin/dashboard/index.php:0
[15-Nov-2017 07:08:08 UTC] PHP Warning:  include(../../functions/adm.php): failed to open stream: No such file or directory in /home/ubuntu/workspace/public/admin/dashboard/index.php on line 3
[15-Nov-2017 07:08:08 UTC] PHP Stack trace:
[15-Nov-2017 07:08:08 UTC] PHP   1. {main}() /home/ubuntu/workspace/public/admin/dashboard/index.php:0
[15-Nov-2017 07:08:08 UTC] PHP Warning:  include(): Failed opening '../../functions/adm.php' for inclusion (include_path='.:/usr/share/php:/usr/share/pear') in /home/ubuntu/workspace/public/admin/dashboard/index.php on line 3
[15-Nov-2017 07:08:08 UTC] PHP Stack trace:
[15-Nov-2017 07:08:08 UTC] PHP   1. {main}() /home/ubuntu/workspace/public/admin/dashboard/index.php:0
[15-Nov-2017 07:08:08 UTC] PHP Fatal error:  Call to undefined function adm\layout\header() in /home/ubuntu/workspace/public/admin/dashboard/index.php on line 4
[15-Nov-2017 07:08:08 UTC] PHP Stack trace:
[15-Nov-2017 07:08:08 UTC] PHP   1. {main}() /home/ubuntu/workspace/public/admin/dashboard/index.php:0
[18-Nov-2017 17:01:57 UTC] PHP Fatal error:  Call to undefined function adm\user\addMessage() in /home/ubuntu/workspace/functions/admin/dashboard/controller.php on line 7
[18-Nov-2017 17:01:57 UTC] PHP Stack trace:
[18-Nov-2017 17:01:57 UTC] PHP   1. {main}() /home/ubuntu/workspace/public/admin/dashboard/index.php:0
[18-Nov-2017 17:01:57 UTC] PHP   2. include() /home/ubuntu/workspace/public/admin/dashboard/index.php:3
[18-Nov-2017 17:01:57 UTC] PHP   3. require_once() /home/ubuntu/workspace/functions/adm.php:16
[25-Nov-2017 17:28:18 UTC] PHP Fatal error:  Call to undefined function adm\admin\header() in /home/ubuntu/workspace/public/admin/inventory/index.php on line 2
[25-Nov-2017 17:28:18 UTC] PHP Stack trace:
[25-Nov-2017 17:28:18 UTC] PHP   1. {main}() /home/ubuntu/workspace/public/admin/inventory/index.php:0
[26-Nov-2017 17:33:38 UTC] PHP Parse error:  syntax error, unexpected 'include' (T_INCLUDE), expecting '(' in /home/ubuntu/workspace/functions/adm.php on line 26
[26-Nov-2017 17:33:38 UTC] PHP Stack trace:
[26-Nov-2017 17:33:38 UTC] PHP   1. {main}() /home/ubuntu/workspace/public/admin/inventory/index.php:0
[26-Nov-2017 17:35:34 UTC] PHP Warning:  require_once(../../adm.php): failed to open stream: No such file or directory in /home/ubuntu/workspace/functions/admin/inventory/controller.php on line 3
[26-Nov-2017 17:35:34 UTC] PHP Stack trace:
[26-Nov-2017 17:35:34 UTC] PHP   1. {main}() /home/ubuntu/workspace/public/admin/inventory/index.php:0
[26-Nov-2017 17:35:34 UTC] PHP   2. require_once() /home/ubuntu/workspace/public/admin/inventory/index.php:1
[26-Nov-2017 17:35:34 UTC] PHP   3. require_once() /home/ubuntu/workspace/functions/adm.php:21
[26-Nov-2017 17:35:34 UTC] PHP Fatal error:  require_once(): Failed opening required '../../adm.php' (include_path='.:/usr/share/php:/usr/share/pear') in /home/ubuntu/workspace/functions/admin/inventory/controller.php on line 3
[26-Nov-2017 17:35:34 UTC] PHP Stack trace:
[26-Nov-2017 17:35:34 UTC] PHP   1. {main}() /home/ubuntu/workspace/public/admin/inventory/index.php:0
[26-Nov-2017 17:35:34 UTC] PHP   2. require_once() /home/ubuntu/workspace/public/admin/inventory/index.php:1
[26-Nov-2017 17:35:34 UTC] PHP   3. require_once() /home/ubuntu/workspace/functions/adm.php:21
[26-Nov-2017 17:36:11 UTC] PHP Warning:  require_once(../../../adm.php): failed to open stream: No such file or directory in /home/ubuntu/workspace/functions/admin/inventory/controller.php on line 3
[26-Nov-2017 17:36:11 UTC] PHP Stack trace:
[26-Nov-2017 17:36:11 UTC] PHP   1. {main}() /home/ubuntu/workspace/public/admin/inventory/index.php:0
[26-Nov-2017 17:36:11 UTC] PHP   2. require_once() /home/ubuntu/workspace/public/admin/inventory/index.php:1
[26-Nov-2017 17:36:11 UTC] PHP   3. require_once() /home/ubuntu/workspace/functions/adm.php:21
[26-Nov-2017 17:36:11 UTC] PHP Fatal error:  require_once(): Failed opening required '../../../adm.php' (include_path='.:/usr/share/php:/usr/share/pear') in /home/ubuntu/workspace/functions/admin/inventory/controller.php on line 3
[26-Nov-2017 17:36:11 UTC] PHP Stack trace:
[26-Nov-2017 17:36:11 UTC] PHP   1. {main}() /home/ubuntu/workspace/public/admin/inventory/index.php:0
[26-Nov-2017 17:36:11 UTC] PHP   2. require_once() /home/ubuntu/workspace/public/admin/inventory/index.php:1
[26-Nov-2017 17:36:11 UTC] PHP   3. require_once() /home/ubuntu/workspace/functions/adm.php:21
[26-Nov-2017 17:36:49 UTC] PHP Warning:  require_once(../../../../adm.php): failed to open stream: No such file or directory in /home/ubuntu/workspace/functions/admin/inventory/controller.php on line 3
[26-Nov-2017 17:36:49 UTC] PHP Stack trace:
[26-Nov-2017 17:36:49 UTC] PHP   1. {main}() /home/ubuntu/workspace/public/admin/inventory/index.php:0
[26-Nov-2017 17:36:49 UTC] PHP   2. require_once() /home/ubuntu/workspace/public/admin/inventory/index.php:1
[26-Nov-2017 17:36:49 UTC] PHP   3. require_once() /home/ubuntu/workspace/functions/adm.php:21
[26-Nov-2017 17:36:49 UTC] PHP Fatal error:  require_once(): Failed opening required '../../../../adm.php' (include_path='.:/usr/share/php:/usr/share/pear') in /home/ubuntu/workspace/functions/admin/inventory/controller.php on line 3
[26-Nov-2017 17:36:49 UTC] PHP Stack trace:
[26-Nov-2017 17:36:49 UTC] PHP   1. {main}() /home/ubuntu/workspace/public/admin/inventory/index.php:0
[26-Nov-2017 17:36:49 UTC] PHP   2. require_once() /home/ubuntu/workspace/public/admin/inventory/index.php:1
[26-Nov-2017 17:36:49 UTC] PHP   3. require_once() /home/ubuntu/workspace/functions/adm.php:21
[26-Nov-2017 17:36:58 UTC] PHP Warning:  require_once(../../adm.php): failed to open stream: No such file or directory in /home/ubuntu/workspace/functions/admin/inventory/controller.php on line 3
[26-Nov-2017 17:36:58 UTC] PHP Stack trace:
[26-Nov-2017 17:36:58 UTC] PHP   1. {main}() /home/ubuntu/workspace/public/admin/inventory/index.php:0
[26-Nov-2017 17:36:58 UTC] PHP   2. require_once() /home/ubuntu/workspace/public/admin/inventory/index.php:1
[26-Nov-2017 17:36:58 UTC] PHP   3. require_once() /home/ubuntu/workspace/functions/adm.php:21
[26-Nov-2017 17:36:58 UTC] PHP Fatal error:  require_once(): Failed opening required '../../adm.php' (include_path='.:/usr/share/php:/usr/share/pear') in /home/ubuntu/workspace/functions/admin/inventory/controller.php on line 3
[26-Nov-2017 17:36:58 UTC] PHP Stack trace:
[26-Nov-2017 17:36:58 UTC] PHP   1. {main}() /home/ubuntu/workspace/public/admin/inventory/index.php:0
[26-Nov-2017 17:36:58 UTC] PHP   2. require_once() /home/ubuntu/workspace/public/admin/inventory/index.php:1
[26-Nov-2017 17:36:58 UTC] PHP   3. require_once() /home/ubuntu/workspace/functions/adm.php:21
[26-Nov-2017 17:37:16 UTC] PHP Warning:  require_once(../adm.php): failed to open stream: No such file or directory in /home/ubuntu/workspace/functions/admin/inventory/controller.php on line 3
[26-Nov-2017 17:37:16 UTC] PHP Stack trace:
[26-Nov-2017 17:37:16 UTC] PHP   1. {main}() /home/ubuntu/workspace/public/admin/inventory/index.php:0
[26-Nov-2017 17:37:16 UTC] PHP   2. require_once() /home/ubuntu/workspace/public/admin/inventory/index.php:1
[26-Nov-2017 17:37:16 UTC] PHP   3. require_once() /home/ubuntu/workspace/functions/adm.php:21
[26-Nov-2017 17:37:16 UTC] PHP Fatal error:  require_once(): Failed opening required '../adm.php' (include_path='.:/usr/share/php:/usr/share/pear') in /home/ubuntu/workspace/functions/admin/inventory/controller.php on line 3
[26-Nov-2017 17:37:16 UTC] PHP Stack trace:
[26-Nov-2017 17:37:16 UTC] PHP   1. {main}() /home/ubuntu/workspace/public/admin/inventory/index.php:0
[26-Nov-2017 17:37:16 UTC] PHP   2. require_once() /home/ubuntu/workspace/public/admin/inventory/index.php:1
[26-Nov-2017 17:37:16 UTC] PHP   3. require_once() /home/ubuntu/workspace/functions/adm.php:21
[26-Nov-2017 17:37:35 UTC] PHP Warning:  require_once(../../../adm.php): failed to open stream: No such file or directory in /home/ubuntu/workspace/functions/admin/inventory/controller.php on line 3
[26-Nov-2017 17:37:35 UTC] PHP Stack trace:
[26-Nov-2017 17:37:35 UTC] PHP   1. {main}() /home/ubuntu/workspace/public/admin/inventory/index.php:0
[26-Nov-2017 17:37:35 UTC] PHP   2. require_once() /home/ubuntu/workspace/public/admin/inventory/index.php:1
[26-Nov-2017 17:37:35 UTC] PHP   3. require_once() /home/ubuntu/workspace/functions/adm.php:21
[26-Nov-2017 17:37:35 UTC] PHP Fatal error:  require_once(): Failed opening required '../../../adm.php' (include_path='.:/usr/share/php:/usr/share/pear') in /home/ubuntu/workspace/functions/admin/inventory/controller.php on line 3
[26-Nov-2017 17:37:35 UTC] PHP Stack trace:
[26-Nov-2017 17:37:35 UTC] PHP   1. {main}() /home/ubuntu/workspace/public/admin/inventory/index.php:0
[26-Nov-2017 17:37:35 UTC] PHP   2. require_once() /home/ubuntu/workspace/public/admin/inventory/index.php:1
[26-Nov-2017 17:37:35 UTC] PHP   3. require_once() /home/ubuntu/workspace/functions/adm.php:21
[26-Nov-2017 17:40:09 UTC] PHP Warning:  require_once(../../../adm.php): failed to open stream: No such file or directory in /home/ubuntu/workspace/functions/admin/inventory/controller.php on line 3
[26-Nov-2017 17:40:09 UTC] PHP Stack trace:
[26-Nov-2017 17:40:09 UTC] PHP   1. {main}() /home/ubuntu/workspace/public/admin/inventory/index.php:0
[26-Nov-2017 17:40:09 UTC] PHP   2. require_once() /home/ubuntu/workspace/public/admin/inventory/index.php:1
[26-Nov-2017 17:40:09 UTC] PHP   3. require_once() /home/ubuntu/workspace/functions/adm.php:21
[26-Nov-2017 17:40:09 UTC] PHP Fatal error:  require_once(): Failed opening required '../../../adm.php' (include_path='.:/usr/share/php:/usr/share/pear') in /home/ubuntu/workspace/functions/admin/inventory/controller.php on line 3
[26-Nov-2017 17:40:09 UTC] PHP Stack trace:
[26-Nov-2017 17:40:09 UTC] PHP   1. {main}() /home/ubuntu/workspace/public/admin/inventory/index.php:0
[26-Nov-2017 17:40:09 UTC] PHP   2. require_once() /home/ubuntu/workspace/public/admin/inventory/index.php:1
[26-Nov-2017 17:40:09 UTC] PHP   3. require_once() /home/ubuntu/workspace/functions/adm.php:21
[26-Nov-2017 17:40:17 UTC] PHP Warning:  require_once(../../../adm.php): failed to open stream: No such file or directory in /home/ubuntu/workspace/functions/admin/inventory/controller.php on line 3
[26-Nov-2017 17:40:17 UTC] PHP Stack trace:
[26-Nov-2017 17:40:17 UTC] PHP   1. {main}() /home/ubuntu/workspace/public/admin/inventory/index.php:0
[26-Nov-2017 17:40:17 UTC] PHP   2. require_once() /home/ubuntu/workspace/public/admin/inventory/index.php:1
[26-Nov-2017 17:40:17 UTC] PHP   3. require_once() /home/ubuntu/workspace/functions/adm.php:21
[26-Nov-2017 17:40:17 UTC] PHP Fatal error:  require_once(): Failed opening required '../../../adm.php' (include_path='.:/usr/share/php:/usr/share/pear') in /home/ubuntu/workspace/functions/admin/inventory/controller.php on line 3
[26-Nov-2017 17:40:17 UTC] PHP Stack trace:
[26-Nov-2017 17:40:17 UTC] PHP   1. {main}() /home/ubuntu/workspace/public/admin/inventory/index.php:0
[26-Nov-2017 17:40:17 UTC] PHP   2. require_once() /home/ubuntu/workspace/public/admin/inventory/index.php:1
[26-Nov-2017 17:40:17 UTC] PHP   3. require_once() /home/ubuntu/workspace/functions/adm.php:21
[26-Nov-2017 17:40:59 UTC] PHP Warning:  require_once(/home/ubuntu/workspace/functions/adm/database.php): failed to open stream: No such file or directory in /home/ubuntu/workspace/functions/adm.php on line 27
[26-Nov-2017 17:40:59 UTC] PHP Stack trace:
[26-Nov-2017 17:40:59 UTC] PHP   1. {main}() /home/ubuntu/workspace/public/admin/inventory/index.php:0
[26-Nov-2017 17:40:59 UTC] PHP   2. require_once() /home/ubuntu/workspace/public/admin/inventory/index.php:1
[26-Nov-2017 17:40:59 UTC] PHP   3. require_once() /home/ubuntu/workspace/functions/adm.php:21
[26-Nov-2017 17:40:59 UTC] PHP   4. adm\includeMod() /home/ubuntu/workspace/functions/admin/inventory/controller.php:5
[26-Nov-2017 17:40:59 UTC] PHP Fatal error:  require_once(): Failed opening required '/home/ubuntu/workspace/functions/adm/database.php' (include_path='.:/usr/share/php:/usr/share/pear') in /home/ubuntu/workspace/functions/adm.php on line 27
[26-Nov-2017 17:40:59 UTC] PHP Stack trace:
[26-Nov-2017 17:40:59 UTC] PHP   1. {main}() /home/ubuntu/workspace/public/admin/inventory/index.php:0
[26-Nov-2017 17:40:59 UTC] PHP   2. require_once() /home/ubuntu/workspace/public/admin/inventory/index.php:1
[26-Nov-2017 17:40:59 UTC] PHP   3. require_once() /home/ubuntu/workspace/functions/adm.php:21
[26-Nov-2017 17:40:59 UTC] PHP   4. adm\includeMod() /home/ubuntu/workspace/functions/admin/inventory/controller.php:5
[26-Nov-2017 17:42:43 UTC] PHP Fatal error:  Undefined constant 'adm\database' in /home/ubuntu/workspace/functions/adm.database.php on line 3
[26-Nov-2017 17:42:43 UTC] PHP Stack trace:
[26-Nov-2017 17:42:43 UTC] PHP   1. {main}() /home/ubuntu/workspace/public/admin/inventory/index.php:0
[26-Nov-2017 17:42:43 UTC] PHP   2. require_once() /home/ubuntu/workspace/public/admin/inventory/index.php:1
[26-Nov-2017 17:42:43 UTC] PHP   3. require_once() /home/ubuntu/workspace/functions/adm.php:21
[26-Nov-2017 17:42:43 UTC] PHP   4. adm\includeMod() /home/ubuntu/workspace/functions/admin/inventory/controller.php:5
[26-Nov-2017 17:42:43 UTC] PHP   5. require_once() /home/ubuntu/workspace/functions/adm.php:27
[26-Nov-2017 17:43:14 UTC] PHP Warning:  file_get_contents(../data/inventory.data): failed to open stream: No such file or directory in /home/ubuntu/workspace/functions/adm.database.php on line 7
[26-Nov-2017 17:43:14 UTC] PHP Stack trace:
[26-Nov-2017 17:43:14 UTC] PHP   1. {main}() /home/ubuntu/workspace/public/admin/inventory/index.php:0
[26-Nov-2017 17:43:14 UTC] PHP   2. require_once() /home/ubuntu/workspace/public/admin/inventory/index.php:1
[26-Nov-2017 17:43:14 UTC] PHP   3. require_once() /home/ubuntu/workspace/functions/adm.php:21
[26-Nov-2017 17:43:14 UTC] PHP   4. adm\database\inventory() /home/ubuntu/workspace/functions/admin/inventory/controller.php:14
[26-Nov-2017 17:43:14 UTC] PHP   5. file_get_contents() /home/ubuntu/workspace/functions/adm.database.php:7
[26-Nov-2017 17:43:14 UTC] PHP Warning:  Invalid argument supplied for foreach() in /home/ubuntu/workspace/public/admin/inventory/index.php on line 243
[26-Nov-2017 17:43:14 UTC] PHP Stack trace:
[26-Nov-2017 17:43:14 UTC] PHP   1. {main}() /home/ubuntu/workspace/public/admin/inventory/index.php:0
[26-Nov-2017 17:46:55 UTC] PHP Warning:  file_get_contents(/home/ubuntu/workspace/functions/data/inventory.data): failed to open stream: No such file or directory in /home/ubuntu/workspace/functions/adm.database.php on line 8
[26-Nov-2017 17:46:55 UTC] PHP Stack trace:
[26-Nov-2017 17:46:55 UTC] PHP   1. {main}() /home/ubuntu/workspace/public/admin/inventory/index.php:0
[26-Nov-2017 17:46:55 UTC] PHP   2. require_once() /home/ubuntu/workspace/public/admin/inventory/index.php:1
[26-Nov-2017 17:46:55 UTC] PHP   3. require_once() /home/ubuntu/workspace/functions/adm.php:21
[26-Nov-2017 17:46:55 UTC] PHP   4. adm\database\inventory() /home/ubuntu/workspace/functions/admin/inventory/controller.php:14
[26-Nov-2017 17:46:55 UTC] PHP   5. file_get_contents() /home/ubuntu/workspace/functions/adm.database.php:8
[26-Nov-2017 17:46:55 UTC] PHP Warning:  Invalid argument supplied for foreach() in /home/ubuntu/workspace/public/admin/inventory/index.php on line 243
[26-Nov-2017 17:46:55 UTC] PHP Stack trace:
[26-Nov-2017 17:46:55 UTC] PHP   1. {main}() /home/ubuntu/workspace/public/admin/inventory/index.php:0
[26-Nov-2017 19:39:02 UTC] PHP Warning:  Invalid argument supplied for foreach() in /home/ubuntu/workspace/public/admin/inventory/index.php on line 243
[26-Nov-2017 19:39:02 UTC] PHP Stack trace:
[26-Nov-2017 19:39:02 UTC] PHP   1. {main}() /home/ubuntu/workspace/public/admin/inventory/index.php:0
[26-Nov-2017 19:39:33 UTC] PHP Parse error:  syntax error, unexpected 'get' (T_STRING), expecting variable (T_VARIABLE) or '$' in /home/ubuntu/workspace/functions/adm.database.php on line 7
[26-Nov-2017 19:39:33 UTC] PHP Stack trace:
[26-Nov-2017 19:39:33 UTC] PHP   1. {main}() /home/ubuntu/workspace/public/admin/inventory/index.php:0
[26-Nov-2017 19:39:33 UTC] PHP   2. require_once() /home/ubuntu/workspace/public/admin/inventory/index.php:1
[26-Nov-2017 19:39:33 UTC] PHP   3. require_once() /home/ubuntu/workspace/functions/adm.php:21
[26-Nov-2017 19:39:33 UTC] PHP   4. adm\includeMod() /home/ubuntu/workspace/functions/admin/inventory/controller.php:5
[27-Nov-2017 04:49:10 UTC] PHP Fatal error:  Call to undefined function adm\admin\header() in /home/ubuntu/workspace/public/admin/dashboard/index.php on line 7
[27-Nov-2017 04:49:10 UTC] PHP Stack trace:
[27-Nov-2017 04:49:10 UTC] PHP   1. {main}() /home/ubuntu/workspace/public/admin/dashboard/index.php:0
[27-Nov-2017 04:49:27 UTC] PHP Fatal error:  Call to undefined function adm\admin\header() in /home/ubuntu/workspace/public/admin/dashboard/index.php on line 7
[27-Nov-2017 04:49:27 UTC] PHP Stack trace:
[27-Nov-2017 04:49:27 UTC] PHP   1. {main}() /home/ubuntu/workspace/public/admin/dashboard/index.php:0
[13-Dec-2017 05:45:51 UTC] PHP Parse error:  syntax error, unexpected '}' in /home/ubuntu/workspace/functions/adm.database.php on line 23
[13-Dec-2017 05:45:51 UTC] PHP Stack trace:
[13-Dec-2017 05:45:51 UTC] PHP   1. {main}() /home/ubuntu/workspace/public/admin/database/index.php:0
[13-Dec-2017 05:45:51 UTC] PHP   2. require_once() /home/ubuntu/workspace/public/admin/database/index.php:1
[13-Dec-2017 05:45:51 UTC] PHP   3. require_once() /home/ubuntu/workspace/functions/adm.php:24
[13-Dec-2017 05:45:51 UTC] PHP   4. adm\includeMod() /home/ubuntu/workspace/functions/admin/database/controller.php:5
[14-Dec-2017 04:53:30 UTC] PHP Warning:  require_once(FUNCTIONPATH/adm.admin.php): failed to open stream: No such file or directory in /home/ubuntu/workspace/public/admin/database/index.php on line 3
[14-Dec-2017 04:53:30 UTC] PHP Stack trace:
[14-Dec-2017 04:53:30 UTC] PHP   1. {main}() /home/ubuntu/workspace/public/admin/database/index.php:0
[14-Dec-2017 04:53:30 UTC] PHP Fatal error:  require_once(): Failed opening required 'FUNCTIONPATH/adm.admin.php' (include_path='.:/usr/share/php:/usr/share/pear') in /home/ubuntu/workspace/public/admin/database/index.php on line 3
[14-Dec-2017 04:53:30 UTC] PHP Stack trace:
[14-Dec-2017 04:53:30 UTC] PHP   1. {main}() /home/ubuntu/workspace/public/admin/database/index.php:0
[14-Dec-2017 04:55:27 UTC] PHP Fatal error:  Using $this when not in object context in /home/ubuntu/workspace/functions/adm.php on line 33
[14-Dec-2017 04:55:27 UTC] PHP Stack trace:
[14-Dec-2017 04:55:27 UTC] PHP   1. {main}() /home/ubuntu/workspace/public/admin/database/index.php:0
[14-Dec-2017 04:55:27 UTC] PHP   2. Adm::header() /home/ubuntu/workspace/public/admin/database/index.php:3
[14-Dec-2017 04:57:46 UTC] PHP Warning:  require_once(/includes/layout/header.php): failed to open stream: No such file or directory in /home/ubuntu/workspace/functions/adm.php on line 37
[14-Dec-2017 04:57:46 UTC] PHP Stack trace:
[14-Dec-2017 04:57:46 UTC] PHP   1. {main}() /home/ubuntu/workspace/public/admin/database/index.php:0
[14-Dec-2017 04:57:46 UTC] PHP   2. Adm->header() /home/ubuntu/workspace/public/admin/database/index.php:5
[14-Dec-2017 04:57:46 UTC] PHP Fatal error:  require_once(): Failed opening required '/includes/layout/header.php' (include_path='.:/usr/share/php:/usr/share/pear') in /home/ubuntu/workspace/functions/adm.php on line 37
[14-Dec-2017 04:57:46 UTC] PHP Stack trace:
[14-Dec-2017 04:57:46 UTC] PHP   1. {main}() /home/ubuntu/workspace/public/admin/database/index.php:0
[14-Dec-2017 04:57:46 UTC] PHP   2. Adm->header() /home/ubuntu/workspace/public/admin/database/index.php:5
[14-Dec-2017 13:54:27 UTC] PHP Warning:  Invalid argument supplied for foreach() in /home/ubuntu/workspace/public/admin/database/index.php on line 41
[14-Dec-2017 13:54:27 UTC] PHP Stack trace:
[14-Dec-2017 13:54:27 UTC] PHP   1. {main}() /home/ubuntu/workspace/public/admin/database/index.php:0
[14-Dec-2017 13:54:27 UTC] PHP Fatal error:  Call to undefined function adm\admin\footer() in /home/ubuntu/workspace/public/admin/database/index.php on line 58
[14-Dec-2017 13:54:27 UTC] PHP Stack trace:
[14-Dec-2017 13:54:27 UTC] PHP   1. {main}() /home/ubuntu/workspace/public/admin/database/index.php:0
[14-Dec-2017 13:58:43 UTC] PHP Warning:  Invalid argument supplied for foreach() in /home/ubuntu/workspace/public/admin/database/index.php on line 41
[14-Dec-2017 13:58:43 UTC] PHP Stack trace:
[14-Dec-2017 13:58:43 UTC] PHP   1. {main}() /home/ubuntu/workspace/public/admin/database/index.php:0
[14-Dec-2017 14:05:35 UTC] PHP Warning:  Invalid argument supplied for foreach() in /home/ubuntu/workspace/public/admin/database/index.php on line 41
[14-Dec-2017 14:05:35 UTC] PHP Stack trace:
[14-Dec-2017 14:05:35 UTC] PHP   1. {main}() /home/ubuntu/workspace/public/admin/database/index.php:0
[14-Dec-2017 14:06:00 UTC] PHP Warning:  Invalid argument supplied for foreach() in /home/ubuntu/workspace/public/admin/database/index.php on line 41
[14-Dec-2017 14:06:00 UTC] PHP Stack trace:
[14-Dec-2017 14:06:00 UTC] PHP   1. {main}() /home/ubuntu/workspace/public/admin/database/index.php:0
[14-Dec-2017 14:06:41 UTC] PHP Warning:  require_once(/home/ubuntu/workspace/adm.database.php): failed to open stream: No such file or directory in /home/ubuntu/workspace/functions/adm.php on line 33
[14-Dec-2017 14:06:41 UTC] PHP Stack trace:
[14-Dec-2017 14:06:41 UTC] PHP   1. {main}() /home/ubuntu/workspace/public/admin/database/index.php:0
[14-Dec-2017 14:06:41 UTC] PHP   2. Adm->__construct() /home/ubuntu/workspace/public/admin/database/index.php:4
[14-Dec-2017 14:06:41 UTC] PHP   3. require_once() /home/ubuntu/workspace/functions/adm.php:22
[14-Dec-2017 14:06:41 UTC] PHP   4. Adm->includeMod() /home/ubuntu/workspace/functions/admin/database/controller.php:3
[14-Dec-2017 14:06:41 UTC] PHP Fatal error:  require_once(): Failed opening required '/home/ubuntu/workspace/adm.database.php' (include_path='.:/usr/share/php:/usr/share/pear') in /home/ubuntu/workspace/functions/adm.php on line 33
[14-Dec-2017 14:06:41 UTC] PHP Stack trace:
[14-Dec-2017 14:06:41 UTC] PHP   1. {main}() /home/ubuntu/workspace/public/admin/database/index.php:0
[14-Dec-2017 14:06:41 UTC] PHP   2. Adm->__construct() /home/ubuntu/workspace/public/admin/database/index.php:4
[14-Dec-2017 14:06:41 UTC] PHP   3. require_once() /home/ubuntu/workspace/functions/adm.php:22
[14-Dec-2017 14:06:41 UTC] PHP   4. Adm->includeMod() /home/ubuntu/workspace/functions/admin/database/controller.php:3
[14-Dec-2017 14:06:53 UTC] PHP Warning:  require_once(/home/ubuntu/workspace/adm.database.php): failed to open stream: No such file or directory in /home/ubuntu/workspace/functions/adm.php on line 33
[14-Dec-2017 14:06:53 UTC] PHP Stack trace:
[14-Dec-2017 14:06:53 UTC] PHP   1. {main}() /home/ubuntu/workspace/public/admin/database/index.php:0
[14-Dec-2017 14:06:53 UTC] PHP   2. Adm->__construct() /home/ubuntu/workspace/public/admin/database/index.php:4
[14-Dec-2017 14:06:53 UTC] PHP   3. require_once() /home/ubuntu/workspace/functions/adm.php:22
[14-Dec-2017 14:06:53 UTC] PHP   4. Adm->includeMod() /home/ubuntu/workspace/functions/admin/database/controller.php:3
[14-Dec-2017 14:06:53 UTC] PHP Fatal error:  require_once(): Failed opening required '/home/ubuntu/workspace/adm.database.php' (include_path='.:/usr/share/php:/usr/share/pear') in /home/ubuntu/workspace/functions/adm.php on line 33
[14-Dec-2017 14:06:53 UTC] PHP Stack trace:
[14-Dec-2017 14:06:53 UTC] PHP   1. {main}() /home/ubuntu/workspace/public/admin/database/index.php:0
[14-Dec-2017 14:06:53 UTC] PHP   2. Adm->__construct() /home/ubuntu/workspace/public/admin/database/index.php:4
[14-Dec-2017 14:06:53 UTC] PHP   3. require_once() /home/ubuntu/workspace/functions/adm.php:22
[14-Dec-2017 14:06:53 UTC] PHP   4. Adm->includeMod() /home/ubuntu/workspace/functions/admin/database/controller.php:3
[15-Dec-2017 04:17:50 UTC] PHP Parse error:  syntax error, unexpected 'private' (T_PRIVATE), expecting ',' or ';' in /home/ubuntu/workspace/functions/adm.php on line 12
[15-Dec-2017 04:17:50 UTC] PHP Stack trace:
[15-Dec-2017 04:17:50 UTC] PHP   1. {main}() /home/ubuntu/workspace/public/admin/database/index.php:0
[15-Dec-2017 04:22:11 UTC] PHP Warning:  Invalid argument supplied for foreach() in /home/ubuntu/workspace/public/admin/database/index.php on line 41
[15-Dec-2017 04:22:11 UTC] PHP Stack trace:
[15-Dec-2017 04:22:11 UTC] PHP   1. {main}() /home/ubuntu/workspace/public/admin/database/index.php:0
[15-Dec-2017 04:23:59 UTC] PHP Warning:  Invalid argument supplied for foreach() in /home/ubuntu/workspace/public/admin/database/index.php on line 41
[15-Dec-2017 04:24:00 UTC] PHP Stack trace:
[15-Dec-2017 04:24:00 UTC] PHP   1. {main}() /home/ubuntu/workspace/public/admin/database/index.php:0
[15-Dec-2017 04:25:49 UTC] PHP Warning:  Invalid argument supplied for foreach() in /home/ubuntu/workspace/public/admin/database/index.php on line 41
[15-Dec-2017 04:25:49 UTC] PHP Stack trace:
[15-Dec-2017 04:25:49 UTC] PHP   1. {main}() /home/ubuntu/workspace/public/admin/database/index.php:0
[15-Dec-2017 04:28:23 UTC] PHP Warning:  Invalid argument supplied for foreach() in /home/ubuntu/workspace/public/admin/database/index.php on line 42
[15-Dec-2017 04:28:23 UTC] PHP Stack trace:
[15-Dec-2017 04:28:23 UTC] PHP   1. {main}() /home/ubuntu/workspace/public/admin/database/index.php:0
[15-Dec-2017 04:28:30 UTC] PHP Warning:  Invalid argument supplied for foreach() in /home/ubuntu/workspace/public/admin/database/index.php on line 42
[15-Dec-2017 04:28:30 UTC] PHP Stack trace:
[15-Dec-2017 04:28:30 UTC] PHP   1. {main}() /home/ubuntu/workspace/public/admin/database/index.php:0
[15-Dec-2017 04:34:16 UTC] PHP Warning:  Invalid argument supplied for foreach() in /home/ubuntu/workspace/public/admin/database/index.php on line 45
[15-Dec-2017 04:34:16 UTC] PHP Stack trace:
[15-Dec-2017 04:34:16 UTC] PHP   1. {main}() /home/ubuntu/workspace/public/admin/database/index.php:0
[15-Dec-2017 04:34:35 UTC] PHP Warning:  Invalid argument supplied for foreach() in /home/ubuntu/workspace/public/admin/database/index.php on line 45
[15-Dec-2017 04:34:35 UTC] PHP Stack trace:
[15-Dec-2017 04:34:35 UTC] PHP   1. {main}() /home/ubuntu/workspace/public/admin/database/index.php:0
[15-Dec-2017 04:35:29 UTC] PHP Warning:  Invalid argument supplied for foreach() in /home/ubuntu/workspace/public/admin/database/index.php on line 45
[15-Dec-2017 04:35:29 UTC] PHP Stack trace:
[15-Dec-2017 04:35:29 UTC] PHP   1. {main}() /home/ubuntu/workspace/public/admin/database/index.php:0
[15-Dec-2017 04:35:47 UTC] PHP Warning:  Invalid argument supplied for foreach() in /home/ubuntu/workspace/public/admin/database/index.php on line 45
[15-Dec-2017 04:35:47 UTC] PHP Stack trace:
[15-Dec-2017 04:35:47 UTC] PHP   1. {main}() /home/ubuntu/workspace/public/admin/database/index.php:0
[15-Dec-2017 04:36:07 UTC] PHP Warning:  Invalid argument supplied for foreach() in /home/ubuntu/workspace/public/admin/database/index.php on line 45
[15-Dec-2017 04:36:07 UTC] PHP Stack trace:
[15-Dec-2017 04:36:07 UTC] PHP   1. {main}() /home/ubuntu/workspace/public/admin/database/index.php:0
[15-Dec-2017 04:38:25 UTC] PHP Parse error:  syntax error, unexpected '=', expecting ',' or ';' in /home/ubuntu/workspace/functions/admin/database/controller.php on line 7
[15-Dec-2017 04:38:25 UTC] PHP Stack trace:
[15-Dec-2017 04:38:25 UTC] PHP   1. {main}() /home/ubuntu/workspace/public/admin/database/index.php:0
[15-Dec-2017 04:38:25 UTC] PHP   2. Adm->__construct() /home/ubuntu/workspace/public/admin/database/index.php:4
[15-Dec-2017 04:43:36 UTC] PHP Warning:  require_once(FUNCTIONPATH/adm.admin.php): failed to open stream: No such file or directory in /home/ubuntu/workspace/public/admin/inventory/index.php on line 3
[15-Dec-2017 04:43:36 UTC] PHP Stack trace:
[15-Dec-2017 04:43:36 UTC] PHP   1. {main}() /home/ubuntu/workspace/public/admin/inventory/index.php:0
[15-Dec-2017 04:43:36 UTC] PHP Fatal error:  require_once(): Failed opening required 'FUNCTIONPATH/adm.admin.php' (include_path='.:/usr/share/php:/usr/share/pear') in /home/ubuntu/workspace/public/admin/inventory/index.php on line 3
[15-Dec-2017 04:43:36 UTC] PHP Stack trace:
[15-Dec-2017 04:43:36 UTC] PHP   1. {main}() /home/ubuntu/workspace/public/admin/inventory/index.php:0
[15-Dec-2017 04:48:14 UTC] PHP Fatal error:  Using $this when not in object context in /home/ubuntu/workspace/functions/adm.php on line 35
[15-Dec-2017 04:48:14 UTC] PHP Stack trace:
[15-Dec-2017 04:48:14 UTC] PHP   1. {main}() /home/ubuntu/workspace/public/admin/inventory/index.php:0
[15-Dec-2017 04:48:14 UTC] PHP   2. Adm::header() /home/ubuntu/workspace/public/admin/inventory/index.php:3
[15-Dec-2017 04:50:50 UTC] PHP Fatal error:  Call to undefined function getAllFrom() in /home/ubuntu/workspace/functions/adm.database.php on line 6
[15-Dec-2017 04:50:50 UTC] PHP Stack trace:
[15-Dec-2017 04:50:50 UTC] PHP   1. {main}() /home/ubuntu/workspace/public/admin/inventory/index.php:0
[15-Dec-2017 04:50:50 UTC] PHP   2. Adm->__construct() /home/ubuntu/workspace/public/admin/inventory/index.php:3
[15-Dec-2017 04:50:50 UTC] PHP   3. require_once() /home/ubuntu/workspace/functions/adm.php:24
[15-Dec-2017 04:50:50 UTC] PHP   4. Database->inventory() /home/ubuntu/workspace/functions/admin/inventory/controller.php:9
[15-Dec-2017 04:51:45 UTC] PHP Fatal error:  Call to undefined function getAllFrom() in /home/ubuntu/workspace/functions/adm.database.php on line 6
[15-Dec-2017 04:51:45 UTC] PHP Stack trace:
[15-Dec-2017 04:51:45 UTC] PHP   1. {main}() /home/ubuntu/workspace/public/admin/inventory/index.php:0
[15-Dec-2017 04:51:45 UTC] PHP   2. Adm->__construct() /home/ubuntu/workspace/public/admin/inventory/index.php:3
[15-Dec-2017 04:51:45 UTC] PHP   3. require_once() /home/ubuntu/workspace/functions/adm.php:24
[15-Dec-2017 04:51:45 UTC] PHP   4. Database->inventory() /home/ubuntu/workspace/functions/admin/inventory/controller.php:11
[15-Dec-2017 04:53:49 UTC] PHP Fatal error:  Using $this when not in object context in /home/ubuntu/workspace/functions/adm.php on line 44
[15-Dec-2017 04:53:49 UTC] PHP Stack trace:
[15-Dec-2017 04:53:49 UTC] PHP   1. {main}() /home/ubuntu/workspace/public/admin/inventory/index.php:0
[15-Dec-2017 04:53:49 UTC] PHP   2. Adm::footer() /home/ubuntu/workspace/public/admin/inventory/index.php:56
[15-Dec-2017 04:54:36 UTC] PHP Fatal error:  Call to a member function header() on a non-object in /home/ubuntu/workspace/public/admin/inventory/index.php on line 3
[15-Dec-2017 04:54:36 UTC] PHP Stack trace:
[15-Dec-2017 04:54:36 UTC] PHP   1. {main}() /home/ubuntu/workspace/public/admin/inventory/index.php:0
[15-Dec-2017 04:55:11 UTC] PHP Fatal error:  Call to a member function header() on a non-object in /home/ubuntu/workspace/public/admin/inventory/index.php on line 3
[15-Dec-2017 04:55:11 UTC] PHP Stack trace:
[15-Dec-2017 04:55:11 UTC] PHP   1. {main}() /home/ubuntu/workspace/public/admin/inventory/index.php:0
[15-Dec-2017 04:57:49 UTC] PHP Fatal error:  Call to a member function includeMod() on a non-object in /home/ubuntu/workspace/functions/admin/inventory/controller.php on line 5
[15-Dec-2017 04:57:49 UTC] PHP Stack trace:
[15-Dec-2017 04:57:49 UTC] PHP   1. {main}() /home/ubuntu/workspace/public/admin/inventory/index.php:0
[15-Dec-2017 04:57:49 UTC] PHP   2. Adm->__construct() /home/ubuntu/workspace/public/admin/inventory/index.php:3
[15-Dec-2017 04:57:49 UTC] PHP   3. require_once() /home/ubuntu/workspace/functions/adm.php:24
[15-Dec-2017 05:01:07 UTC] PHP Fatal error:  Class 'Adf' not found in /home/ubuntu/workspace/functions/admin/inventory/controller.php on line 5
[15-Dec-2017 05:01:07 UTC] PHP Stack trace:
[15-Dec-2017 05:01:07 UTC] PHP   1. {main}() /home/ubuntu/workspace/public/admin/inventory/index.php:0
[15-Dec-2017 05:01:07 UTC] PHP   2. Adm->__construct() /home/ubuntu/workspace/public/admin/inventory/index.php:3
[15-Dec-2017 05:01:07 UTC] PHP   3. require_once() /home/ubuntu/workspace/functions/adm.php:24
[15-Dec-2017 05:07:34 UTC] PHP Warning:  require_once(FUNCTIONPATH/adm.admin.php): failed to open stream: No such file or directory in /home/ubuntu/workspace/public/admin/dashboard/index.php on line 5
[15-Dec-2017 05:07:34 UTC] PHP Stack trace:
[15-Dec-2017 05:07:34 UTC] PHP   1. {main}() /home/ubuntu/workspace/public/admin/dashboard/index.php:0
[15-Dec-2017 05:07:34 UTC] PHP Fatal error:  require_once(): Failed opening required 'FUNCTIONPATH/adm.admin.php' (include_path='.:/usr/share/php:/usr/share/pear') in /home/ubuntu/workspace/public/admin/dashboard/index.php on line 5
[15-Dec-2017 05:07:34 UTC] PHP Stack trace:
[15-Dec-2017 05:07:34 UTC] PHP   1. {main}() /home/ubuntu/workspace/public/admin/dashboard/index.php:0
[15-Dec-2017 05:11:29 UTC] PHP Fatal error:  Using $this when not in object context in /home/ubuntu/workspace/functions/adm.php on line 35
[15-Dec-2017 05:11:29 UTC] PHP Stack trace:
[15-Dec-2017 05:11:29 UTC] PHP   1. {main}() /home/ubuntu/workspace/public/admin/dashboard/index.php:0
[15-Dec-2017 05:11:29 UTC] PHP   2. Adm::header() /home/ubuntu/workspace/public/admin/dashboard/index.php:5
[15-Dec-2017 14:14:01 UTC] PHP Fatal error:  Using $this when not in object context in /home/ubuntu/workspace/functions/adm.php on line 35
[15-Dec-2017 14:14:01 UTC] PHP Stack trace:
[15-Dec-2017 14:14:01 UTC] PHP   1. {main}() /home/ubuntu/workspace/public/admin/database/index.php:0
[15-Dec-2017 14:14:01 UTC] PHP   2. Adm::header() /home/ubuntu/workspace/public/admin/database/index.php:3
[15-Dec-2017 14:15:18 UTC] PHP Fatal error:  Using $this when not in object context in /home/ubuntu/workspace/functions/adm.php on line 35
[15-Dec-2017 14:15:18 UTC] PHP Stack trace:
[15-Dec-2017 14:15:18 UTC] PHP   1. {main}() /home/ubuntu/workspace/public/admin/database/index.php:0
[15-Dec-2017 14:15:18 UTC] PHP   2. Adm::header() /home/ubuntu/workspace/public/admin/database/index.php:3
